2017-12-19 10:55:42|   0.2|  0.2|INFORM|FME 2017.0.1.2 (20170622 - Build 17292 - linux-x64)
2017-12-19 10:55:42|   0.2|  0.0|INFORM|FME_HOME is '/opt/fme-desktop-2017/'
2017-12-19 10:55:42|   0.2|  0.0|INFORM|FME Database Edition (node locked-crc)
2017-12-19 10:55:42|   0.2|  0.0|INFORM|Serial Number: 0
2017-12-19 10:55:42|   0.2|  0.0|INFORM|Temporary License: 31 days left.
2017-12-19 10:55:42|   0.2|  0.0|INFORM|Machine host name is: ib
2017-12-19 10:55:42|   0.2|  0.0|INFORM|START - ProcessID: 4640, peak process memory usage: 0 kB, current process memory usage: 135628 kB
2017-12-19 10:55:42|   0.2|  0.0|INFORM|FME Configuration: Command line arguments are `/opt/fme-desktop-2017//bin/fme' `/media/isaac/Data/EIFER/UNADE_V2/CityGML-UtilityNetwork-ADE/Sample/Nanaimo_Water_Network/v1/fme/wb-xlate-1513677341714_4503' `LOG_STANDARDOUT' `YES' `LogCountServerName' `{47da6396-2923-491e-b8e8-4e7111906b7f}'
2017-12-19 10:55:43|   0.3|  0.0|INFORM|Shared folders for formats are : /opt/fme-desktop-2017/datasources;/home/isaac/.fme/Formats
2017-12-19 10:55:43|   0.3|  0.0|INFORM|Shared folders for transformers are : /opt/fme-desktop-2017/transformers;/home/isaac/.fme/Transformers;/home/isaac/.Safe Software/FME/FME Store/Transformers
2017-12-19 10:55:43|   0.3|  0.0|INFORM|Shared folders for coordinate systems are : /home/isaac/.fme/CoordinateSystems
2017-12-19 10:55:43|   0.3|  0.0|INFORM|Shared folders for coordinate system exceptions are : /home/isaac/.fme/CoordinateSystemExceptions
2017-12-19 10:55:43|   0.3|  0.0|INFORM|Shared folders for coordinate system grid overrides are : /home/isaac/.fme/CoordinateSystemGridOverrides
2017-12-19 10:55:43|   0.3|  0.0|INFORM|Shared folders for CS-MAP transformation exceptions are : /home/isaac/.fme/CsmapTransformationExceptions
2017-12-19 10:55:43|   0.3|  0.0|INFORM|Shared folders for transformer categories are : /home/isaac/.fme/TransformerCategories
2017-12-19 10:55:43|   0.3|  0.0|INFORM|FME Configuration: Reader Keyword is `MULTI_READER'
2017-12-19 10:55:43|   0.3|  0.0|INFORM|FME Configuration: Writer Keyword is `MULTI_WRITER'
2017-12-19 10:55:43|   0.3|  0.0|INFORM|FME Configuration: Writer Group Definition Keyword is `MULTI_WRITER_DEF'
2017-12-19 10:55:43|   0.3|  0.0|INFORM|FME Configuration: Reader type is `MULTI_READER'
2017-12-19 10:55:43|   0.3|  0.0|INFORM|FME Configuration: Writer type is `MULTI_WRITER'
2017-12-19 10:55:43|   0.3|  0.0|INFORM|FME Configuration: No destination coordinate system set
2017-12-19 10:55:43|   0.3|  0.0|INFORM|FME Configuration: Current working folder is `/media/isaac/Data/EIFER/UNADE_V2/CityGML-UtilityNetwork-ADE/Sample/Nanaimo_Water_Network/v1/fme'
2017-12-19 10:55:43|   0.3|  0.0|INFORM|FME Configuration: Temporary folder is in the system location `/tmp'
2017-12-19 10:55:43|   0.3|  0.0|INFORM|FME Configuration: FME_HOME is `/opt/fme-desktop-2017/'
2017-12-19 10:55:43|   0.3|  0.0|INFORM|FME Configuration: FME_BASE is 'no'
2017-12-19 10:55:43|   0.3|  0.0|INFORM|FME Configuration: FME_MF_DIR is '/media/isaac/Data/EIFER/UNADE_V2/CityGML-UtilityNetwork-ADE/Sample/Nanaimo_Water_Network/v1/fme/'
2017-12-19 10:55:43|   0.3|  0.0|INFORM|FME Configuration: FME_MF_NAME is 'water_pipes.fmw'
2017-12-19 10:55:43|   0.3|  0.0|INFORM|FME Configuration: FME_PRODUCT_NAME is 'FME(R) 2017.0.1.2'
2017-12-19 10:55:43|   0.3|  0.0|INFORM|System Status: 48.42 GB of disk space available in the FME temporary folder (/tmp)
2017-12-19 10:55:43|   0.3|  0.0|INFORM|System Status: 16777216.00 TB of virtual memory available
2017-12-19 10:55:43|   0.3|  0.0|INFORM|Operating System: Ubuntu 16.04.3 LTS (Xenial Xerus)
2017-12-19 10:55:43|   0.3|  0.0|INFORM|FME Platform: linux-x64
2017-12-19 10:55:43|   0.3|  0.0|INFORM|The memory allocator being used by FME is : `/opt/fme-desktop-2017/bin/../fmecore/libsmartheap_mt64.so'
2017-12-19 10:55:43|   0.3|  0.0|INFORM|Locale: en_US.UTF-8
2017-12-19 10:55:43|   0.3|  0.0|INFORM|FME Configuration: Process limit is 11.62 GB of physical memory
2017-12-19 10:55:43|   0.3|  0.0|INFORM|FME Configuration: Start freeing memory when process usage exceeds 16777216.00 TB of virtual memory
2017-12-19 10:55:43|   0.3|  0.0|INFORM|FME Configuration: Stop freeing memory when process usage is below 12582912.00 TB of virtual memory
2017-12-19 10:55:43|   0.3|  0.0|INFORM|Creating writer for format: 
2017-12-19 10:55:43|   0.3|  0.0|INFORM|Creating reader for format: 
2017-12-19 10:55:43|   0.3|  0.0|INFORM|MULTI_READER(MULTI_READER): Will fail with first member reader failure
2017-12-19 10:55:43|   0.3|  0.0|INFORM|MULTI_READER(MULTI_READER): Adding GEOTIFF Reader with keyword GEOTIFF_1
2017-12-19 10:55:43|   0.3|  0.0|INFORM|MULTI_READER(MULTI_READER): Adding ESRISHAPE Reader with keyword ESRISHAPE_1
2017-12-19 10:55:43|   0.3|  0.0|INFORM|MULTI_READER(MULTI_READER): Adding ESRISHAPE Reader with keyword ESRISHAPE_2
2017-12-19 10:55:43|   0.3|  0.0|INFORM|MULTI_READER(MULTI_READER): Adding GEOTIFF Reader with keyword GEOTIFF_2
2017-12-19 10:55:43|   0.3|  0.0|INFORM|Using Multi Reader with keyword `MULTI_READER' to read multiple datasets
2017-12-19 10:55:43|   0.4|  0.0|INFORM|Creating reader for format: GeoTIFF (Geo-referenced Tagged Image File Format)
2017-12-19 10:55:43|   0.4|  0.0|INFORM|Trying to find a DYNAMIC plugin for reader named `GEOTIFF'
2017-12-19 10:55:43|   0.4|  0.0|INFORM|LD_LIBRARY_PATH is '/opt/fme-desktop-2017/plugins:/opt/fme-desktop-2017//fmecore:/opt/fme-desktop-2017/fmecore'
2017-12-19 10:55:43|   0.4|  0.0|INFORM|Loaded module 'GEOTIFF' from file '/opt/fme-desktop-2017/plugins/gdal.so'
2017-12-19 10:55:43|   0.4|  0.0|INFORM|FME API version of module 'GEOTIFF' matches current internal version (3.8 20170315)
2017-12-19 10:55:43|   0.4|  0.0|INFORM|GEOTIFF reader: Directive '_READ_OFFSETS_IN_CS_UNITS' has the value 'No'
2017-12-19 10:55:43|   0.4|  0.0|INFORM|GEOTIFF reader: Opening file '/media/isaac/Data/EIFER/UNADE_V2/CityGML-UtilityNetwork-ADE/Sample/Nanaimo_Water_Network/v1/data_in/DEM/Nanaimo_DEM1.tif'
2017-12-19 10:55:43|   0.4|  0.0|INFORM|Using MultiWriter with keyword `MULTI_WRITER' to output data (ID_ATTRIBUTE is `multi_writer_id')
2017-12-19 10:55:43|   0.4|  0.0|INFORM|Writer output will be ordered by value of multi_writer_id
2017-12-19 10:55:43|   0.4|  0.0|INFORM|Loaded module 'LogCount_func' from file '/opt/fme-desktop-2017/plugins/logcount_func.so'
2017-12-19 10:55:43|   0.4|  0.0|INFORM|FME API version of module 'LogCount_func' matches current internal version (3.8 20170315)
2017-12-19 10:55:43|   0.4|  0.0|INFORM|Creating writer for format: FME Feature Store (FFS)
2017-12-19 10:55:43|   0.5|  0.0|INFORM|FME Configuration: No destination coordinate system set
2017-12-19 10:55:43|   0.5|  0.0|INFORM|Loaded module 'Geometry_func' from file '/opt/fme-desktop-2017/plugins/geometry_func.so'
2017-12-19 10:55:43|   0.5|  0.0|INFORM|FME API version of module 'Geometry_func' matches current internal version (3.8 20170315)
2017-12-19 10:55:43|   0.5|  0.0|INFORM|Loaded module 'UUID_func' from file '/opt/fme-desktop-2017/plugins/uuid_func.so'
2017-12-19 10:55:43|   0.5|  0.0|INFORM|FME API version of module 'UUID_func' matches current internal version (3.8 20170315)
2017-12-19 10:55:43|   0.5|  0.0|INFORM|Loaded module 'DuplicateRemoverFactory' from file '/opt/fme-desktop-2017/plugins/duplicateremoverfactory.so'
2017-12-19 10:55:43|   0.5|  0.0|INFORM|FME API version of module 'DuplicateRemoverFactory' matches current internal version (3.8 20170315)
2017-12-19 10:55:43|   0.5|  0.0|INFORM|Loaded module 'GQueryFactory' from file '/opt/fme-desktop-2017/plugins/gqueryfactory.so'
2017-12-19 10:55:43|   0.5|  0.0|INFORM|FME API version of module 'GQueryFactory' matches current internal version (3.8 20170315)
2017-12-19 10:55:44|   0.6|  0.0|INFORM|FME API version of module 'GQueryFactory' matches current internal version (3.8 20170315)
2017-12-19 10:55:44|   0.6|  0.0|INFORM|Loaded module 'AttributeFilterFactory' from file '/opt/fme-desktop-2017/plugins/attributefilterfactory.so'
2017-12-19 10:55:44|   0.6|  0.0|INFORM|FME API version of module 'AttributeFilterFactory' matches current internal version (3.8 20170315)
2017-12-19 10:55:44|   0.6|  0.0|INFORM|FME API version of module 'AttributeFilterFactory' matches current internal version (3.8 20170315)
2017-12-19 10:55:44|   0.6|  0.0|INFORM|Loaded module 'SurfaceModelFactory' from file '/opt/fme-desktop-2017/plugins/surfacemodelfactory.so'
2017-12-19 10:55:44|   0.6|  0.0|INFORM|FME API version of module 'SurfaceModelFactory' matches current internal version (3.8 20170315)
2017-12-19 10:55:44|   0.6|  0.0|INFORM|Loaded module 'TransformPointCloud_func' from file '/opt/fme-desktop-2017/plugins/transformpointcloud_func.so'
2017-12-19 10:55:44|   0.6|  0.0|INFORM|FME API version of module 'TransformPointCloud_func' matches current internal version (3.8 20170315)
2017-12-19 10:55:44|   0.6|  0.0|INFORM|FME API version of module 'GQueryFactory' matches current internal version (3.8 20170315)
2017-12-19 10:55:44|   0.6|  0.0|INFORM|FME API version of module 'DuplicateRemoverFactory' matches current internal version (3.8 20170315)
2017-12-19 10:55:44|   0.6|  0.0|INFORM|FME API version of module 'GQueryFactory' matches current internal version (3.8 20170315)
2017-12-19 10:55:44|   0.6|  0.0|INFORM|FME API version of module 'GQueryFactory' matches current internal version (3.8 20170315)
2017-12-19 10:55:44|   0.6|  0.0|INFORM|FME API version of module 'SurfaceModelFactory' matches current internal version (3.8 20170315)
2017-12-19 10:55:44|   0.6|  0.0|INFORM|FME API version of module 'GQueryFactory' matches current internal version (3.8 20170315)
2017-12-19 10:55:44|   0.6|  0.0|INFORM|GEOTIFF reader: Directive '_APPLY_GCPS' has the value 'No'
2017-12-19 10:55:44|   0.6|  0.0|INFORM|Predefined coordinate system `UTM83-10' (UTM with NAD83 datum, Zone 10, Meter; Central Meridian 123d W) matches dataset coordinate system 
2017-12-19 10:55:44|   0.6|  0.0|INFORM|The OGC definition of the FME coordinate system 'UTM83-10' is 'PROJCS["NAD_1983_UTM_Zone_10N",GEOGCS["NAD83",DATUM["North_American_Datum_1983",SPHEROID["GRS 1980",6378137,298.2572221010042,AUTHORITY["EPSG","7019"]],AUTHORITY["EPSG","6269"]],PRIMEM["Greenwich",0],UNIT["degree",0.0174532925199433],AUTHORITY["EPSG","4269"]],PROJECTION["Transverse_Mercator"],PARAMETER["latitude_of_origin",0],PARAMETER["central_meridian",-123],PARAMETER["scale_factor",0.9996],PARAMETER["false_easting",500000],PARAMETER["false_northing",0],UNIT["metre",1,AUTHORITY["EPSG","9001"]],AUTHORITY["EPSG","26910"]]'
2017-12-19 10:55:44|   0.6|  0.0|INFORM|Successfully read world file '/media/isaac/Data/EIFER/UNADE_V2/CityGML-UtilityNetwork-ADE/Sample/Nanaimo_Water_Network/v1/data_in/DEM/Nanaimo_DEM1.tfw '
2017-12-19 10:55:44|   0.6|  0.0|INFORM|FME Configuration: Source coordinate system for reader GEOTIFF_1[GEOTIFF] set to `UTM83-10' as read from input data
2017-12-19 10:55:44|   0.6|  0.0|INFORM|Coordinate System `UTM83-10' parameters: CS_NAME=`UTM83-10' DESC_NM=`UTM with NAD83 datum, Zone 10, Meter; Central Meridian 123d W' DT_NAME=`NAD83' GROUP=`UTM83' MAP_SCL=`1' MAX_LAT=`86.933333333333337' MAX_LNG=`-119.25' MIN_LAT=`25.416666666666668' MIN_LNG=`-126.75' PARM1=`-123' PROJ=`TM' QUAD=`1' SCL_RED=`0.9996' SOURCE=`Snyder, J.P, 1987, Map Projections - A Working Manual' UNIT=`METER' X_OFF=`500000.0' Y_OFF=`0.0' 
2017-12-19 10:55:44|   0.7|  0.1|INFORM|Creating writer for format: CityGML
2017-12-19 10:55:44|   0.7|  0.0|INFORM|Trying to find a DYNAMIC plugin for writer named `CITYGML'
2017-12-19 10:55:44|   0.8|  0.1|INFORM|Loaded module 'CITYGML' from file '/opt/fme-desktop-2017/plugins/citygml.so'
2017-12-19 10:55:44|   0.8|  0.0|INFORM|FME API version of module 'CITYGML' matches current internal version (3.8 20170315)
2017-12-19 10:55:44|   0.8|  0.0|INFORM|FME Configuration: No destination coordinate system set
2017-12-19 10:55:44|   0.8|  0.0|INFORM|FME API version of module 'CITYGML' matches current internal version (3.8 20170315)
2017-12-19 10:55:44|   0.8|  0.0|INFORM|Writer `CITYGML_1' of type `CITYGML' using group definition keyword `CITYGML_1_DEF'
2017-12-19 10:55:44|   0.8|  0.0|INFORM|FME API version of module 'CITYGML' matches current internal version (3.8 20170315)
2017-12-19 10:55:44|   0.8|  0.0|INFORM|CityGML Writer: No Document encoding set, defaulting to UTF-8.
2017-12-19 10:55:44|   0.8|  0.0|INFORM|The uri-map document '/opt/fme-desktop-2017/xml/urimap/gml_inspire.xml' is being used to map from URI to URI
2017-12-19 10:55:44|   0.8|  0.0|INFORM|The uri-map document '/opt/fme-desktop-2017/xml/urimap/gml_aixm.xml' is being used to map from URI to URI
2017-12-19 10:55:44|   0.8|  0.0|INFORM|The uri-map document '/opt/fme-desktop-2017/xml/urimap/gml_urimap.xml' is being used to map from URI to URI
2017-12-19 10:55:44|   0.8|  0.0|INFORM|The uri-map document '/opt/fme-desktop-2017/xml/urimap/gml_citygml.xml' is being used to map from URI to URI
2017-12-19 10:55:44|   0.8|  0.0|INFORM|URI '/media/isaac/Data/EIFER/UNADE_V2/CityGML-UtilityNetwork-ADE/XSD/CityGML_UtilityNetworkADE.xsd' mapped to 'file:////media/isaac/Data/EIFER/UNADE_V2/CityGML-UtilityNetwork-ADE/XSD/CityGML_UtilityNetworkADE.xsd'
2017-12-19 10:55:44|   0.8|  0.0|INFORM|Parsing schema document 'file:////media/isaac/Data/EIFER/UNADE_V2/CityGML-UtilityNetwork-ADE/XSD/CityGML_UtilityNetworkADE.xsd' ...
2017-12-19 10:55:44|   0.8|  0.0|INFORM|A <schemaLocation> in the uri-map is overriding the namespace 'http://www.w3.org/1999/xlink' xsd location from '../xlink/xlinks.xsd' to 'xlink.xsd'
2017-12-19 10:55:45|   0.9|  0.0|INFORM|URI 'CityGML.xsd' mapped to 'file:////opt/fme-desktop-2017/xml/schemas/CityGML/CityGML/2.0/CityGML.xsd'
2017-12-19 10:55:45|   0.9|  0.0|INFORM|Parsing schema document 'file:////opt/fme-desktop-2017/xml/schemas/CityGML/CityGML/2.0/CityGML.xsd' ...
2017-12-19 10:55:45|   0.9|  0.0|INFORM|Using XSD semantics configuration file 'file:////opt/fme-desktop-2017/xml/CityGML/CityGML_config.xml'.
2017-12-19 10:55:46|   2.3|  1.4|INFORM|Creating reader for format: XML (Extensible Markup Language)
2017-12-19 10:55:46|   2.3|  0.0|INFORM|Trying to find a DYNAMIC plugin for reader named `XML'
2017-12-19 10:55:46|   2.3|  0.0|INFORM|Loaded module 'XML' from file '/opt/fme-desktop-2017/plugins/xml.so'
2017-12-19 10:55:46|   2.3|  0.0|INFORM|FME API version of module 'XML' matches current internal version (3.8 20170315)
2017-12-19 10:55:46|   2.3|  0.0|INFORM|Opening the XML reader with source dataset '/tmp/FME_1513677346123_4640.xfmap'
2017-12-19 10:55:46|   2.3|  0.0|INFORM|FME Configuration: Using FME Reprojection Engine
2017-12-19 10:55:46|   2.3|  0.0|INFORM|The XML Reader is using xfMap '/opt/fme-desktop-2017/xml/CityGML/CityGML_meta_schema_xfmap.xml'
2017-12-19 10:55:46|   2.3|  0.0|INFORM|The uri-map document '/opt/fme-desktop-2017/xml/urimap/gml_inspire.xml' is being used to map from URI to URI
2017-12-19 10:55:46|   2.3|  0.0|INFORM|The uri-map document '/opt/fme-desktop-2017/xml/urimap/gml_aixm.xml' is being used to map from URI to URI
2017-12-19 10:55:46|   2.3|  0.0|INFORM|The uri-map document '/opt/fme-desktop-2017/xml/urimap/gml_citygml.xml' is being used to map from URI to URI
2017-12-19 10:55:46|   2.3|  0.0|INFORM|The uri-map document '/opt/fme-desktop-2017/xml/urimap/gml_urimap.xml' is being used to map from URI to URI
2017-12-19 10:55:48|   4.1|  1.8|INFORM|Creating reader for format: Esri Shapefile
2017-12-19 10:55:48|   4.1|  0.0|INFORM|Using Shape Reader to read shape files from folder `/media/isaac/Data/EIFER/UNADE_V2/CityGML-UtilityNetwork-ADE/Sample/Nanaimo_Water_Network/v1/data_in/Pipes/'
2017-12-19 10:55:48|   4.1|  0.0|INFORM|ESRISHAPE_1 Reader: Using enhanced geometry
2017-12-19 10:55:48|   4.1|  0.0|INFORM|Shape Reader: Using simple donut geometry detection
2017-12-19 10:55:48|   4.1|  0.0|INFORM|Shape Reader: Allowing attribute names with mixed case
2017-12-19 10:55:48|   4.1|  0.0|INFORM|Opened Shape File '/media/isaac/Data/EIFER/UNADE_V2/CityGML-UtilityNetwork-ADE/Sample/Nanaimo_Water_Network/v1/data_in/Pipes/PIPES_AND_SERVICES_sm.shp' for input
2017-12-19 10:55:48|   4.1|  0.0|INFORM|Opened DBF File '/media/isaac/Data/EIFER/UNADE_V2/CityGML-UtilityNetwork-ADE/Sample/Nanaimo_Water_Network/v1/data_in/Pipes/PIPES_AND_SERVICES_sm.dbf' for input
2017-12-19 10:55:48|   4.1|  0.0|INFORM|DBF Reader: Could not detect encoding. Using default system encoding
2017-12-19 10:55:48|   4.1|  0.0|INFORM|DBF File '/media/isaac/Data/EIFER/UNADE_V2/CityGML-UtilityNetwork-ADE/Sample/Nanaimo_Water_Network/v1/data_in/Pipes/PIPES_AND_SERVICES_sm.dbf' has fields: TYPE char(20), DIAMETER number(11,0), MATERIAL char(20), WATERCATEG char(20), CATCHMENT char(50), OWNER char(20), YEAR number(6,0), ASBUILT number(10,0), ACCURACY char(20), LENGTH number(10,3), STARTID number(11,0), ENDID number(11,0), PIPEID number(11,0), GID number(11,0)
2017-12-19 10:55:48|   4.2|  0.1|INFORM|Predefined coordinate system `UTM83-10' (UTM with NAD83 datum, Zone 10, Meter; Central Meridian 123d W) matches dataset coordinate system 
2017-12-19 10:55:48|   4.2|  0.0|INFORM|The OGC definition of the FME coordinate system '_UTM83-10_0' is 'PROJCS["NAD_1983_UTM_Zone_10N",GEOGCS["GCS_North_American_1983",DATUM["D_North_American_1983",SPHEROID["GRS_1980",6378137,298.257222101]],PRIMEM["Greenwich",0],UNIT["Degree",0.017453292519943295]],PROJECTION["Transverse_Mercator"],PARAMETER["latitude_of_origin",0],PARAMETER["central_meridian",-123],PARAMETER["scale_factor",0.9996],PARAMETER["false_easting",500000],PARAMETER["false_northing",0],UNIT["Meter",1]]'
2017-12-19 10:55:48|   4.2|  0.0|INFORM|FME Configuration: Source coordinate system for reader ESRISHAPE_1[ESRISHAPE] set to `_UTM83-10_0' as read from input data
2017-12-19 10:55:48|   4.2|  0.0|INFORM|Coordinate System `_UTM83-10_0' parameters: CS_NAME=`_UTM83-10_0' DESC_NM=`UTM with NAD83 datum, Zone 10, Meter; Central Meridian 123d W' DT_NAME=`NAD83' ESRI_WKT=`PROJCS["NAD_1983_UTM_Zone_10N",GEOGCS["GCS_North_American_1983",DATUM["D_North_American_1983",SPHEROID["GRS_1980",6378137,298.257222101]],PRIMEM["Greenwich",0],UNIT["Degree",0.017453292519943295]],PROJECTION["Transverse_Mercator"],PARAMETER["latitude_of_origin",0],PARAMETER["central_meridian",-123],PARAMETER["scale_factor",0.9996],PARAMETER["false_easting",500000],PARAMETER["false_northing",0],UNIT["Meter",1]]' GROUP=`UTM83' MAP_SCL=`1' MAX_LAT=`86.933333333333337' MAX_LNG=`-119.25' MIN_LAT=`25.416666666666668' MIN_LNG=`-126.75' PARM1=`-123' PROJ=`TM' QUAD=`1' SCL_RED=`0.9996' SOURCE=`Snyder, J.P, 1987, Map Projections - A Working Manual' UNIT=`METER' X_OFF=`500000.0' Y_OFF=`0.0' 
2017-12-19 10:55:48|   4.2|  0.0|INFORM|Shape Reader: Bounding box of shapefile `/media/isaac/Data/EIFER/UNADE_V2/CityGML-UtilityNetwork-ADE/Sample/Nanaimo_Water_Network/v1/data_in/Pipes/PIPES_AND_SERVICES_sm' is: (425770.78129999992,5436106.8552999999),(433812.18240000028,5441789.4473999999)
2017-12-19 10:55:48|   4.2|  0.0|INFORM|Shape Reader: Bounding box of shapefile(s) selected from folder `/media/isaac/Data/EIFER/UNADE_V2/CityGML-UtilityNetwork-ADE/Sample/Nanaimo_Water_Network/v1/data_in/Pipes/' is: (425770.78129999992,5436106.8552999999),(433812.18240000028,5441789.4473999999)
2017-12-19 10:55:49|   4.6|  0.4|INFORM|Reading source feature # 2500
2017-12-19 10:55:49|   4.7|  0.1|INFORM|Creating reader for format: Esri Shapefile
2017-12-19 10:55:49|   4.7|  0.0|INFORM|Using Shape Reader to read shape files from folder `/media/isaac/Data/EIFER/UNADE_V2/CityGML-UtilityNetwork-ADE/Sample/Nanaimo_Water_Network/v1/data_in/Pipes/'
2017-12-19 10:55:49|   4.7|  0.0|INFORM|ESRISHAPE_2 Reader: Using enhanced geometry
2017-12-19 10:55:49|   4.7|  0.0|INFORM|Shape Reader: Using simple donut geometry detection
2017-12-19 10:55:49|   4.7|  0.0|INFORM|Shape Reader: Allowing attribute names with mixed case
2017-12-19 10:55:49|   4.7|  0.0|INFORM|Opened Shape File '/media/isaac/Data/EIFER/UNADE_V2/CityGML-UtilityNetwork-ADE/Sample/Nanaimo_Water_Network/v1/data_in/Pipes/PARCELS_sm.shp' for input
2017-12-19 10:55:49|   4.7|  0.0|INFORM|Opened DBF File '/media/isaac/Data/EIFER/UNADE_V2/CityGML-UtilityNetwork-ADE/Sample/Nanaimo_Water_Network/v1/data_in/Pipes/PARCELS_sm.dbf' for input
2017-12-19 10:55:49|   4.7|  0.0|INFORM|DBF Reader: Could not detect encoding. Using default system encoding
2017-12-19 10:55:49|   4.7|  0.0|INFORM|DBF File '/media/isaac/Data/EIFER/UNADE_V2/CityGML-UtilityNetwork-ADE/Sample/Nanaimo_Water_Network/v1/data_in/Pipes/PARCELS_sm.dbf' has fields: TYPE char(20), HOUSENUMBE char(20), STREETNAME char(50), POSTALCODE char(10), ACCURACY char(25), STATUS char(10), AREA number(31,15), PLAN char(20), PID char(20), GISLINK char(20), GID number(11,0), ZONING1 char(30), ZONE1_DESC char(100), ZONING2 char(30), ZONE2_DESC char(100), ZONING3 char(30), ZONE3_DESC char(100), ZONING4 char(30), ZONE4_DESC char(100)
2017-12-19 10:55:49|   4.7|  0.0|INFORM|FME Configuration: Source coordinate system for reader ESRISHAPE_2[ESRISHAPE] set to `_UTM83-10_0' as read from input data
2017-12-19 10:55:49|   4.7|  0.0|INFORM|Coordinate System `_UTM83-10_0' parameters: CS_NAME=`_UTM83-10_0' DESC_NM=`UTM with NAD83 datum, Zone 10, Meter; Central Meridian 123d W' DT_NAME=`NAD83' ESRI_WKT=`PROJCS["NAD_1983_UTM_Zone_10N",GEOGCS["GCS_North_American_1983",DATUM["D_North_American_1983",SPHEROID["GRS_1980",6378137,298.257222101]],PRIMEM["Greenwich",0],UNIT["Degree",0.017453292519943295]],PROJECTION["Transverse_Mercator"],PARAMETER["latitude_of_origin",0],PARAMETER["central_meridian",-123],PARAMETER["scale_factor",0.9996],PARAMETER["false_easting",500000],PARAMETER["false_northing",0],UNIT["Meter",1]]' GROUP=`UTM83' MAP_SCL=`1' MAX_LAT=`86.933333333333337' MAX_LNG=`-119.25' MIN_LAT=`25.416666666666668' MIN_LNG=`-126.75' PARM1=`-123' PROJ=`TM' QUAD=`1' SCL_RED=`0.9996' SOURCE=`Snyder, J.P, 1987, Map Projections - A Working Manual' UNIT=`METER' X_OFF=`500000.0' Y_OFF=`0.0' 
2017-12-19 10:55:49|   4.7|  0.0|INFORM|Shape Reader: Bounding box of shapefile `/media/isaac/Data/EIFER/UNADE_V2/CityGML-UtilityNetwork-ADE/Sample/Nanaimo_Water_Network/v1/data_in/Pipes/PARCELS_sm' is: (431485.91480000038,5438690.2795000002),(433934.04980000015,5442644.1956999991)
2017-12-19 10:55:49|   4.7|  0.0|INFORM|Shape Reader: Bounding box of shapefile(s) selected from folder `/media/isaac/Data/EIFER/UNADE_V2/CityGML-UtilityNetwork-ADE/Sample/Nanaimo_Water_Network/v1/data_in/Pipes/' is: (431485.91480000038,5438690.2795000002),(433934.04980000015,5442644.1956999991)
2017-12-19 10:55:49|   4.7|  0.0|INFORM|Overlaying points on areas
2017-12-19 10:55:49|   4.8|  0.1|INFORM|Creating reader for format: GeoTIFF (Geo-referenced Tagged Image File Format)
2017-12-19 10:55:49|   4.8|  0.0|INFORM|Trying to find a DYNAMIC plugin for reader named `GEOTIFF'
2017-12-19 10:55:49|   4.8|  0.0|INFORM|FME API version of module 'GEOTIFF' matches current internal version (3.8 20170315)
2017-12-19 10:55:49|   4.8|  0.0|INFORM|GEOTIFF reader: Directive '_READ_OFFSETS_IN_CS_UNITS' has the value 'No'
2017-12-19 10:55:49|   4.8|  0.0|INFORM|GEOTIFF reader: Opening file '/media/isaac/Data/EIFER/UNADE_V2/CityGML-UtilityNetwork-ADE/Sample/Nanaimo_Water_Network/v1/data_in/DEM/Nanaimo_DEM1.tif'
2017-12-19 10:55:49|   4.8|  0.0|INFORM|GEOTIFF reader: Directive '_APPLY_GCPS' has the value 'No'
2017-12-19 10:55:49|   4.8|  0.0|INFORM|Successfully read world file '/media/isaac/Data/EIFER/UNADE_V2/CityGML-UtilityNetwork-ADE/Sample/Nanaimo_Water_Network/v1/data_in/DEM/Nanaimo_DEM1.tfw '
2017-12-19 10:55:49|   4.8|  0.0|INFORM|FME Configuration: Source coordinate system for reader GEOTIFF_2[GEOTIFF] set to `UTM83-10' as read from input data
2017-12-19 10:55:49|   4.8|  0.0|INFORM|Coordinate System `UTM83-10' parameters: CS_NAME=`UTM83-10' DESC_NM=`UTM with NAD83 datum, Zone 10, Meter; Central Meridian 123d W' DT_NAME=`NAD83' GROUP=`UTM83' MAP_SCL=`1' MAX_LAT=`86.933333333333337' MAX_LNG=`-119.25' MIN_LAT=`25.416666666666668' MIN_LNG=`-126.75' PARM1=`-123' PROJ=`TM' QUAD=`1' SCL_RED=`0.9996' SOURCE=`Snyder, J.P, 1987, Map Projections - A Working Manual' UNIT=`METER' X_OFF=`500000.0' Y_OFF=`0.0' 
2017-12-19 10:55:49|   4.8|  0.0|INFORM|MULTI_READER(MULTI_READER): Done reading 4633 features from 4 readers
2017-12-19 10:55:49|   4.8|  0.0|INFORM|Emptying factory pipeline
2017-12-19 10:55:49|   4.8|  0.0|STATS |Router and Unexpected Input Remover(RoutingFactory): Tested 4633 input feature(s), wrote 4633 output feature(s): 4633 matched merge filters, 4633 were routed to output, 0 could not be routed.
2017-12-19 10:55:49|   4.8|  0.0|STATS |Unexpected Input Remover Nuker(TeeFactory): Cloned 0 input feature(s) into 0 output feature(s)
2017-12-19 10:55:49|   4.8|  0.0|STATS |GEOTIFF (GEOTIFF_1) Splitter(TeeFactory): Cloned 1 input feature(s) into 1 output feature(s)
2017-12-19 10:55:49|   4.8|  0.0|STATS |GEOTIFF_GEOTIFF_1 Feature Counter -1 189(TeeFactory): Cloned 1 input feature(s) into 1 output feature(s)
2017-12-19 10:55:49|   4.8|  0.0|STATS |PIPES_AND_SERVICES_sm (ESRISHAPE_1) Splitter(TeeFactory): Cloned 3331 input feature(s) into 3331 output feature(s)
2017-12-19 10:55:49|   4.8|  0.0|STATS |PIPES_AND_SERVICES_sm_ESRISHAPE_1 Feature Counter -1 563(TeeFactory): Cloned 3331 input feature(s) into 3331 output feature(s)
2017-12-19 10:55:49|   4.8|  0.0|STATS |PARCELS_sm (ESRISHAPE_2) Splitter(TeeFactory): Cloned 1300 input feature(s) into 1300 output feature(s)
2017-12-19 10:55:49|   4.8|  0.0|STATS |PARCELS_sm_ESRISHAPE_2 Feature Counter -1 584(TeeFactory): Cloned 1300 input feature(s) into 1300 output feature(s)
2017-12-19 10:55:49|   4.8|  0.0|STATS |GEOTIFF (GEOTIFF_2) Splitter(TeeFactory): Cloned 1 input feature(s) into 1 output feature(s)
2017-12-19 10:55:49|   4.8|  0.0|STATS |GEOTIFF_GEOTIFF_2 Feature Counter -1 267(TeeFactory): Cloned 1 input feature(s) into 1 output feature(s)
2017-12-19 10:55:49|   4.8|  0.0|STATS |Creator_3_XML_Creator(CreationFactory): Created 1 features
2017-12-19 10:55:49|   4.8|  0.0|STATS |Creator_3_Cloner(TeeFactory): Cloned 1 input feature(s) into 1 output feature(s)
2017-12-19 10:55:49|   4.8|  0.0|STATS |Creator_3_CREATED Feature Counter -1 422(TeeFactory): Cloned 1 input feature(s) into 1 output feature(s)
2017-12-19 10:55:49|   4.8|  0.0|STATS |Creator_3_CREATED Brancher -1 422(BranchingFactory): Branched 1 input feature -- 1 feature routed to the target factory, and 0 features routed to the fallback factory.
2017-12-19 10:55:49|   4.8|  0.0|STATS |_CREATOR_BRANCH_TARGET(TeeFactory): Cloned 4634 input feature(s) into 4634 output feature(s)
2017-12-19 10:55:49|   4.8|  0.0|STATS |UUIDGenerator_2(TeeFactory): Cloned 1 input feature(s) into 1 output feature(s)
2017-12-19 10:55:49|   4.8|  0.0|STATS |UUIDGenerator_2_OUTPUT Feature Counter -1 80(TeeFactory): Cloned 1 input feature(s) into 1 output feature(s)
2017-12-19 10:55:49|   4.8|  0.0|STATS |StringConcatenator_2(TeeFactory): Cloned 1 input feature(s) into 1 output feature(s)
2017-12-19 10:55:49|   4.8|  0.0|STATS |StringConcatenator_2_OUTPUT Feature Counter -1 197(TeeFactory): Cloned 1 input feature(s) into 1 output feature(s)
2017-12-19 10:55:49|   4.8|  0.0|STATS |UUIDGenerator_3(TeeFactory): Cloned 1 input feature(s) into 1 output feature(s)
2017-12-19 10:55:49|   4.8|  0.0|STATS |UUIDGenerator_3_OUTPUT Feature Counter -1 92(TeeFactory): Cloned 1 input feature(s) into 1 output feature(s)
2017-12-19 10:55:49|   4.8|  0.0|STATS |StringConcatenator_3(TeeFactory): Cloned 1 input feature(s) into 1 output feature(s)
2017-12-19 10:55:49|   4.8|  0.0|STATS |StringConcatenator_3 OUTPUT Splitter(TeeFactory): Cloned 1 input feature(s) into 4 output feature(s)
2017-12-19 10:55:49|   4.8|  0.0|STATS |StringConcatenator_3_OUTPUT_0_XiADGSaw4V0= Feature Counter -1 240(TeeFactory): Cloned 1 input feature(s) into 1 output feature(s)
2017-12-19 10:55:49|   4.8|  0.0|STATS |StringConcatenator_3_OUTPUT_1_LocuNCdI3lo= Feature Counter -1 416(TeeFactory): Cloned 1 input feature(s) into 1 output feature(s)
2017-12-19 10:55:49|   4.8|  0.0|STATS |StringConcatenator_3_OUTPUT_2_vdhQyYuu674= Feature Counter -1 495(TeeFactory): Cloned 1 input feature(s) into 1 output feature(s)
2017-12-19 10:55:49|   4.8|  0.0|STATS |StringConcatenator_3_OUTPUT_3_AryRoargMYQ= Feature Counter -1 557(TeeFactory): Cloned 1 input feature(s) into 1 output feature(s)
2017-12-19 10:55:49|   4.8|  0.0|STATS |UUIDGenerator_7(TeeFactory): Cloned 1 input feature(s) into 1 output feature(s)
2017-12-19 10:55:49|   4.8|  0.0|STATS |UUIDGenerator_7_OUTPUT Feature Counter -1 136(TeeFactory): Cloned 1 input feature(s) into 1 output feature(s)
2017-12-19 10:55:49|   4.8|  0.0|STATS |StringConcatenator_7(TeeFactory): Cloned 1 input feature(s) into 1 output feature(s)
2017-12-19 10:55:49|   4.8|  0.0|STATS |StringConcatenator_7 OUTPUT Splitter(TeeFactory): Cloned 1 input feature(s) into 3 output feature(s)
2017-12-19 10:55:49|   4.8|  0.0|STATS |StringConcatenator_7_OUTPUT_0_r/MPwfxu1kg= Feature Counter -1 418(TeeFactory): Cloned 1 input feature(s) into 1 output feature(s)
2017-12-19 10:55:49|   4.8|  0.0|STATS |StringConcatenator_7_OUTPUT_1_+8TSE++Mu9M= Feature Counter -1 421(TeeFactory): Cloned 1 input feature(s) into 1 output feature(s)
2017-12-19 10:55:49|   4.8|  0.0|STATS |StringConcatenator_7_OUTPUT_2_0RQClPt5jEE= Feature Counter -1 553(TeeFactory): Cloned 1 input feature(s) into 1 output feature(s)
2017-12-19 10:55:49|   4.8|  0.0|STATS |AttributeCreator_24_OUTPUT Feature Counter -1 562(TeeFactory): Cloned 1 input feature(s) into 1 output feature(s)
2017-12-19 10:55:49|   4.8|  0.0|STATS |AttributeRenamer_2_OUTPUT Feature Counter -1 86(TeeFactory): Cloned 1 input feature(s) into 1 output feature(s)
2017-12-19 10:55:49|   4.8|  0.0|STATS |AttributeCreator_5_OUTPUT Feature Counter -1 111(TeeFactory): Cloned 1 input feature(s) into 1 output feature(s)
2017-12-19 10:55:49|   4.8|  0.0|STATS |AttributeRenamer_3_OUTPUT Feature Counter -1 424(TeeFactory): Cloned 1 input feature(s) into 1 output feature(s)
2017-12-19 10:55:49|   4.8|  0.0|STATS |AttributeCreator_9_OUTPUT Feature Counter -1 200(TeeFactory): Cloned 1 input feature(s) into 1 output feature(s)
2017-12-19 10:55:49|   4.8|  0.0|STATS |AttributeRenamer_10_OUTPUT Feature Counter -1 143(TeeFactory): Cloned 1 input feature(s) into 1 output feature(s)
2017-12-19 10:55:49|   4.8|  0.0|STATS |UUIDGenerator_9(TeeFactory): Cloned 1300 input feature(s) into 1300 output feature(s)
2017-12-19 10:55:49|   4.8|  0.0|STATS |UUIDGenerator_9_OUTPUT Feature Counter -1 585(TeeFactory): Cloned 1300 input feature(s) into 1300 output feature(s)
2017-12-19 10:55:49|   4.8|  0.0|STATS |DateFormatter(TeeFactory): Cloned 3331 input feature(s) into 3331 output feature(s)
2017-12-19 10:55:49|   4.8|  0.0|STATS |DateFormatter_OUTPUT Feature Counter -1 565(TeeFactory): Cloned 3331 input feature(s) into 3331 output feature(s)
2017-12-19 10:55:49|   4.8|  0.0|STATS |AttributeValueMapper(TeeFactory): Cloned 3331 input feature(s) into 3331 output feature(s)
2017-12-19 10:55:49|   4.8|  0.0|STATS |AttributeValueMapper_OUTPUT Feature Counter -1 204(TeeFactory): Cloned 3331 input feature(s) into 3331 output feature(s)
2017-12-19 10:55:49|   4.8|  0.0|STATS |AttributeValueMapper_2(TeeFactory): Cloned 3331 input feature(s) into 3331 output feature(s)
2017-12-19 10:55:49|   4.8|  0.0|STATS |AttributeValueMapper_2_OUTPUT Feature Counter -1 214(TeeFactory): Cloned 3331 input feature(s) into 3331 output feature(s)
2017-12-19 10:55:49|   4.8|  0.0|STATS |AttributeValueMapper_3(TeeFactory): Cloned 3331 input feature(s) into 3331 output feature(s)
2017-12-19 10:55:49|   4.8|  0.0|STATS |AttributeValueMapper_3 OUTPUT Splitter(TeeFactory): Cloned 3331 input feature(s) into 6662 output feature(s)
2017-12-19 10:55:49|   4.8|  0.0|STATS |AttributeValueMapper_3_OUTPUT_0_U6/eK5PRA1c= Feature Counter -1 456(TeeFactory): Cloned 3331 input feature(s) into 3331 output feature(s)
2017-12-19 10:55:49|   4.8|  0.0|STATS |AttributeValueMapper_3_OUTPUT_1_JLxXI9gL8rM= Feature Counter -1 406(TeeFactory): Cloned 3331 input feature(s) into 3331 output feature(s)
2017-12-19 10:55:49|   4.8|  0.0|STATS |FeatureMerger_8(ReferenceFactory): Total Results: 3331 Complete Feature(s), 0 Incomplete Feature(s), 0 Referenced Feature(s), 0 Unreferenced Feature(s), 0 Referencer Feature(s) (NO REFERENCES), 0 Referencee Feature(s) (NO Referencee fields defined), and 0 Duplicate Referencee Feature(s)
2017-12-19 10:55:49|   4.8|  0.0|STATS |FeatureMerger_8_MERGED Feature Counter -1 494(TeeFactory): Cloned 3331 input feature(s) into 3331 output feature(s)
2017-12-19 10:55:49|   4.8|  0.0|STATS |FeatureMerger_8_<REJECTED> Feature Counter -1 2147877262(TeeFactory): Cloned 0 input feature(s) into 0 output feature(s)
2017-12-19 10:55:49|   4.8|  0.0|STATS |TopologyBuilder(TopologyFactory): Computing topology defined by 3331 input feature(s)
2017-12-19 10:55:49|   4.9|  0.1|WARN  |The 'ExteriorMaterial' feature with geometry type 'IFMELine' will not be written because the geometry does not have a citygml_lod_name.
2017-12-19 10:55:50|   6.0|  1.1|STATS |TopologyBuilder_NODE Feature Counter -1 555(TeeFactory): Cloned 3344 input feature(s) into 3344 output feature(s)
2017-12-19 10:55:50|   6.0|  0.0|STATS |TopologyBuilder_LINE Feature Counter -1 496(TeeFactory): Cloned 3331 input feature(s) into 3331 output feature(s)
2017-12-19 10:55:50|   6.0|  0.0|STATS |TopologyBuilder_<REJECTED> Feature Counter -1 2147876888(TeeFactory): Cloned 0 input feature(s) into 0 output feature(s)
2017-12-19 10:55:50|   6.0|  0.0|STATS |UUIDGenerator(TeeFactory): Cloned 3331 input feature(s) into 3331 output feature(s)
2017-12-19 10:55:50|   6.0|  0.0|STATS |UUIDGenerator_OUTPUT Feature Counter -1 78(TeeFactory): Cloned 3331 input feature(s) into 3331 output feature(s)
2017-12-19 10:55:50|   6.0|  0.0|STATS |StringConcatenator(TeeFactory): Cloned 3331 input feature(s) into 3331 output feature(s)
2017-12-19 10:55:50|   6.0|  0.0|STATS |StringConcatenator_OUTPUT Feature Counter -1 79(TeeFactory): Cloned 3331 input feature(s) into 3331 output feature(s)
2017-12-19 10:55:50|   6.0|  0.0|STATS |UUIDGenerator_4(TeeFactory): Cloned 3331 input feature(s) into 3331 output feature(s)
2017-12-19 10:55:50|   6.0|  0.0|STATS |UUIDGenerator_4_OUTPUT Feature Counter -1 96(TeeFactory): Cloned 3331 input feature(s) into 3331 output feature(s)
2017-12-19 10:55:50|   6.0|  0.0|STATS |StringConcatenator_4(TeeFactory): Cloned 3331 input feature(s) into 3331 output feature(s)
2017-12-19 10:55:50|   6.0|  0.0|STATS |StringConcatenator_4_OUTPUT Feature Counter -1 97(TeeFactory): Cloned 3331 input feature(s) into 3331 output feature(s)
2017-12-19 10:55:50|   6.0|  0.0|STATS |UUIDGenerator_5(TeeFactory): Cloned 3331 input feature(s) into 3331 output feature(s)
2017-12-19 10:55:50|   6.0|  0.0|STATS |UUIDGenerator_5_OUTPUT Feature Counter -1 98(TeeFactory): Cloned 3331 input feature(s) into 3331 output feature(s)
2017-12-19 10:55:50|   6.0|  0.0|STATS |StringConcatenator_5(TeeFactory): Cloned 3331 input feature(s) into 3331 output feature(s)
2017-12-19 10:55:50|   6.0|  0.0|STATS |StringConcatenator_5 OUTPUT Splitter(TeeFactory): Cloned 3331 input feature(s) into 13324 output feature(s)
2017-12-19 10:55:50|   6.0|  0.0|STATS |StringConcatenator_5_OUTPUT_0_CsHLfXxQcjs= Feature Counter -1 99(TeeFactory): Cloned 3331 input feature(s) into 3331 output feature(s)
2017-12-19 10:55:50|   6.0|  0.0|STATS |StringConcatenator_5_OUTPUT_1_AqC8v+EYxTg= Feature Counter -1 438(TeeFactory): Cloned 3331 input feature(s) into 3331 output feature(s)
2017-12-19 10:55:50|   6.0|  0.0|STATS |StringConcatenator_5_OUTPUT_2_DH96rdmuc1g= Feature Counter -1 101(TeeFactory): Cloned 3331 input feature(s) into 3331 output feature(s)
2017-12-19 10:55:50|   6.0|  0.0|STATS |StringConcatenator_5_OUTPUT_3_4LR9ONvXAno= Feature Counter -1 178(TeeFactory): Cloned 3331 input feature(s) into 3331 output feature(s)
2017-12-19 10:55:50|   6.0|  0.0|STATS |DuplicateFilter_UNIQUE Feature Counter -1 180(TeeFactory): Cloned 7 input feature(s) into 7 output feature(s)
2017-12-19 10:55:50|   6.0|  0.0|STATS |UUIDGenerator_8(TeeFactory): Cloned 7 input feature(s) into 7 output feature(s)
2017-12-19 10:55:50|   6.0|  0.0|STATS |UUIDGenerator_8_OUTPUT Feature Counter -1 161(TeeFactory): Cloned 7 input feature(s) into 7 output feature(s)
2017-12-19 10:55:50|   6.0|  0.0|STATS |StringConcatenator_8(TeeFactory): Cloned 7 input feature(s) into 7 output feature(s)
2017-12-19 10:55:50|   6.0|  0.0|STATS |StringConcatenator_8 OUTPUT Splitter(TeeFactory): Cloned 7 input feature(s) into 14 output feature(s)
2017-12-19 10:55:50|   6.0|  0.0|STATS |StringConcatenator_8_OUTPUT_0_oUavKpc5fiM= Feature Counter -1 166(TeeFactory): Cloned 7 input feature(s) into 7 output feature(s)
2017-12-19 10:55:50|   6.0|  0.0|STATS |StringConcatenator_8_OUTPUT_1_i/KS6ueoNRw= Feature Counter -1 175(TeeFactory): Cloned 7 input feature(s) into 7 output feature(s)
2017-12-19 10:55:50|   6.0|  0.0|STATS |AttributeCreator_10_OUTPUT Feature Counter -1 176(TeeFactory): Cloned 7 input feature(s) into 7 output feature(s)
2017-12-19 10:55:50|   6.0|  0.0|STATS |AttributeRenamer_12_OUTPUT Feature Counter -1 174(TeeFactory): Cloned 7 input feature(s) into 7 output feature(s)
2017-12-19 10:55:50|   6.0|  0.0|STATS |GeometryRemover_5(TeeFactory): Cloned 3331 input feature(s) into 3331 output feature(s)
2017-12-19 10:55:50|   6.0|  0.0|STATS |GeometryRemover_5_OUTPUT Feature Counter -1 439(TeeFactory): Cloned 3331 input feature(s) into 3331 output feature(s)
2017-12-19 10:55:50|   6.0|  0.0|STATS |AttributeCreator_4_OUTPUT Feature Counter -1 103(TeeFactory): Cloned 3331 input feature(s) into 3331 output feature(s)
2017-12-19 10:55:50|   6.0|  0.0|STATS |AttributeRenamer_4 OUTPUT Splitter(TeeFactory): Cloned 3331 input feature(s) into 6662 output feature(s)
2017-12-19 10:55:50|   6.0|  0.0|STATS |AttributeRenamer_4_OUTPUT_0_kUiVYwZ5XIo= Feature Counter -1 440(TeeFactory): Cloned 3331 input feature(s) into 3331 output feature(s)
2017-12-19 10:55:50|   6.0|  0.0|STATS |AttributeRenamer_4_OUTPUT_1_bKfuQ4qNEH8= Feature Counter -1 545(TeeFactory): Cloned 3331 input feature(s) into 3331 output feature(s)
2017-12-19 10:55:50|   6.0|  0.0|INFORM|ListExploder(ElementFactory): No MODE specified.  Using default processing mode (CLASSIC)
2017-12-19 10:55:50|   6.0|  0.0|INFORM|Processed 2 elements with mode CLASSIC
2017-12-19 10:55:52|   7.5|  1.5|STATS |FeatureMerger(ReferenceFactory): Total Results: 3344 Complete Feature(s), 0 Incomplete Feature(s), 0 Referenced Feature(s), 0 Unreferenced Feature(s), 0 Referencer Feature(s) (NO REFERENCES), 0 Referencee Feature(s) (NO Referencee fields defined), and 0 Duplicate Referencee Feature(s)
2017-12-19 10:55:52|   7.5|  0.0|STATS |FeatureMerger_MERGED Feature Counter -1 556(TeeFactory): Cloned 3344 input feature(s) into 3344 output feature(s)
2017-12-19 10:55:52|   7.5|  0.0|STATS |FeatureMerger_<REJECTED> Feature Counter -1 2147877418(TeeFactory): Cloned 0 input feature(s) into 0 output feature(s)
2017-12-19 10:55:52|   7.5|  0.0|STATS |ListExploder(ElementFactory): Split out 6662 list elements from 3344 input features, using mode CLASSIC
2017-12-19 10:55:52|   7.5|  0.0|STATS |ListExploder_ELEMENTS Feature Counter -1 116(TeeFactory): Cloned 6662 input feature(s) into 6662 output feature(s)
2017-12-19 10:55:52|   7.5|  0.0|STATS |ListExploder_<REJECTED> Feature Counter -1 2147680297(TeeFactory): Cloned 0 input feature(s) into 0 output feature(s)
2017-12-19 10:55:52|   7.5|  0.0|STATS |ExpressionEvaluator(TeeFactory): Cloned 6662 input feature(s) into 6662 output feature(s)
2017-12-19 10:55:52|   7.5|  0.0|STATS |ExpressionEvaluator_OUTPUT Feature Counter -1 117(TeeFactory): Cloned 6662 input feature(s) into 6662 output feature(s)
2017-12-19 10:55:52|   7.5|  0.0|STATS |UUIDGenerator_6(TeeFactory): Cloned 6662 input feature(s) into 6662 output feature(s)
2017-12-19 10:55:52|   7.5|  0.0|STATS |UUIDGenerator_6_OUTPUT Feature Counter -1 112(TeeFactory): Cloned 6662 input feature(s) into 6662 output feature(s)
2017-12-19 10:55:52|   7.5|  0.0|STATS |StringConcatenator_6(TeeFactory): Cloned 6662 input feature(s) into 6662 output feature(s)
2017-12-19 10:55:52|   7.5|  0.0|STATS |StringConcatenator_6 OUTPUT Splitter(TeeFactory): Cloned 6662 input feature(s) into 39972 output feature(s)
2017-12-19 10:55:52|   7.5|  0.0|STATS |StringConcatenator_6_OUTPUT_0_6JqpnAG7AwM= Feature Counter -1 113(TeeFactory): Cloned 6662 input feature(s) into 6662 output feature(s)
2017-12-19 10:55:52|   7.5|  0.0|STATS |StringConcatenator_6_OUTPUT_1_MU91q8JR044= Feature Counter -1 114(TeeFactory): Cloned 6662 input feature(s) into 6662 output feature(s)
2017-12-19 10:55:52|   7.5|  0.0|STATS |StringConcatenator_6_OUTPUT_2_KMXqmVYQzOo= Feature Counter -1 115(TeeFactory): Cloned 6662 input feature(s) into 6662 output feature(s)
2017-12-19 10:55:52|   7.5|  0.0|STATS |StringConcatenator_6_OUTPUT_3_fvoIPRnmwkM= Feature Counter -1 353(TeeFactory): Cloned 6662 input feature(s) into 6662 output feature(s)
2017-12-19 10:55:52|   7.5|  0.0|STATS |StringConcatenator_6_OUTPUT_4_I7QA+kiKSEI= Feature Counter -1 351(TeeFactory): Cloned 6662 input feature(s) into 6662 output feature(s)
2017-12-19 10:55:52|   7.5|  0.0|STATS |StringConcatenator_6_OUTPUT_5_wNw8WeWo20o= Feature Counter -1 385(TeeFactory): Cloned 6662 input feature(s) into 6662 output feature(s)
2017-12-19 10:55:52|   7.5|  0.0|INFORM|ListExploder_6(ElementFactory): No MODE specified.  Using default processing mode (CLASSIC)
2017-12-19 10:55:52|   7.5|  0.0|INFORM|Processed 2 elements with mode CLASSIC
2017-12-19 10:55:54|   9.7|  2.2|STATS |FeatureMerger_14(ReferenceFactory): Total Results: 6662 Complete Feature(s), 0 Incomplete Feature(s), 0 Referenced Feature(s), 0 Unreferenced Feature(s), 0 Referencer Feature(s) (NO REFERENCES), 0 Referencee Feature(s) (NO Referencee fields defined), and 0 Duplicate Referencee Feature(s)
2017-12-19 10:55:54|   9.7|  0.0|STATS |FeatureMerger_14_MERGED Feature Counter -1 354(TeeFactory): Cloned 6662 input feature(s) into 6662 output feature(s)
2017-12-19 10:55:54|   9.7|  0.0|STATS |FeatureMerger_14_<REJECTED> Feature Counter -1 2147877216(TeeFactory): Cloned 0 input feature(s) into 0 output feature(s)
2017-12-19 10:55:54|   9.7|  0.0|STATS |AttributeRenamer_22_OUTPUT Feature Counter -1 355(TeeFactory): Cloned 6662 input feature(s) into 6662 output feature(s)
2017-12-19 10:55:54|   9.7|  0.0|STATS |ListExploder_6(ElementFactory): Split out 16114 list elements from 6662 input features, using mode CLASSIC
2017-12-19 10:55:54|   9.7|  0.0|STATS |ListExploder_6_LIST_FOUND Feature Counter -1 358(TeeFactory): Cloned 16114 input feature(s) into 16114 output feature(s)
2017-12-19 10:55:54|   9.7|  0.0|STATS |AttributeRenamer_23_OUTPUT Feature Counter -1 360(TeeFactory): Cloned 16114 input feature(s) into 16114 output feature(s)
2017-12-19 10:55:54|   9.7|  0.0|STATS |TestFilter(TeeFactory): Cloned 16114 input feature(s) into 16114 output feature(s)
2017-12-19 10:55:54|   9.7|  0.0|STATS |TestFilter_TestFactory_0(TestFactory): Tested 16114 input feature(s) -- 9452 feature(s) passed and 6662 feature(s) failed
2017-12-19 10:55:54|   9.7|  0.0|STATS |TestFilter_<lt>UNFILTERED<gt>(TeeFactory): Cloned 6662 input feature(s) into 6662 output feature(s)
2017-12-19 10:55:54|   9.7|  0.0|STATS |TestFilter <lt>UNFILTERED<gt> Output Nuker(TeeFactory): Cloned 6662 input feature(s) into 0 output feature(s)
2017-12-19 10:55:54|   9.7|  0.0|STATS |TestFilter_<at>Value<openparen>Node_ID_original<closeparen><space><lt><space><at>Value<openparen>Node_ID_merged<closeparen> Feature Counter -1 362(TeeFactory): Cloned 9452 input feature(s) into 9452 output feature(s)
2017-12-19 10:55:54|   9.7|  0.0|STATS |TestFilter_2(TeeFactory): Cloned 9452 input feature(s) into 9452 output feature(s)
2017-12-19 10:55:54|   9.7|  0.0|STATS |TestFilter_2_TestFactory_0(TestFactory): Tested 9452 input feature(s) -- 4726 feature(s) passed and 4726 feature(s) failed
2017-12-19 10:55:54|   9.7|  0.0|STATS |TestFilter_2_<lt>UNFILTERED<gt>(TeeFactory): Cloned 4726 input feature(s) into 4726 output feature(s)
2017-12-19 10:55:54|   9.7|  0.0|STATS |TestFilter_2 <lt>UNFILTERED<gt> Output Nuker(TeeFactory): Cloned 4726 input feature(s) into 0 output feature(s)
2017-12-19 10:55:54|   9.7|  0.0|STATS |TestFilter_2_<at>Value<openparen>Node_ID_original<closeparen><space><lt><space><at>Value<openparen>Node_ID_merged<closeparen> Feature Counter -1 364(TeeFactory): Cloned 4726 input feature(s) into 4726 output feature(s)
2017-12-19 10:55:54|   9.7|  0.0|STATS |UUIDGenerator_14(TeeFactory): Cloned 4726 input feature(s) into 4726 output feature(s)
2017-12-19 10:55:54|   9.7|  0.0|STATS |UUIDGenerator_14_OUTPUT Feature Counter -1 366(TeeFactory): Cloned 4726 input feature(s) into 4726 output feature(s)
2017-12-19 10:55:54|   9.7|  0.0|STATS |StringConcatenator_14(TeeFactory): Cloned 4726 input feature(s) into 4726 output feature(s)
2017-12-19 10:55:54|   9.7|  0.0|STATS |StringConcatenator_14_OUTPUT Feature Counter -1 371(TeeFactory): Cloned 4726 input feature(s) into 4726 output feature(s)
2017-12-19 10:55:54|   9.7|  0.0|STATS |AttributeRenamer_24(TeeFactory): Cloned 4726 input feature(s) into 4726 output feature(s)
2017-12-19 10:55:54|   9.7|  0.0|STATS |AttributeRenamer_24_OUTPUT Feature Counter -1 369(TeeFactory): Cloned 4726 input feature(s) into 4726 output feature(s)
2017-12-19 10:55:54|   9.7|  0.0|STATS |GeometryRemover_3(TeeFactory): Cloned 4726 input feature(s) into 4726 output feature(s)
2017-12-19 10:55:54|   9.7|  0.0|STATS |GeometryRemover_3_OUTPUT Feature Counter -1 374(TeeFactory): Cloned 4726 input feature(s) into 4726 output feature(s)
2017-12-19 10:55:54|   9.7|  0.0|STATS |AttributeCreator_19_OUTPUT Feature Counter -1 375(TeeFactory): Cloned 4726 input feature(s) into 4726 output feature(s)
2017-12-19 10:55:54|   9.7|  0.0|STATS |AttributeCreator_27_OUTPUT Feature Counter -1 497(TeeFactory): Cloned 4726 input feature(s) into 4726 output feature(s)
2017-12-19 10:55:54|   9.7|  0.0|STATS |AttributeRenamer_25(TeeFactory): Cloned 4726 input feature(s) into 4726 output feature(s)
2017-12-19 10:55:54|   9.7|  0.0|STATS |AttributeRenamer_25_OUTPUT Feature Counter -1 377(TeeFactory): Cloned 4726 input feature(s) into 4726 output feature(s)
2017-12-19 10:55:54|   9.8|  0.1|STATS |FeatureMerger_3(ReferenceFactory): Total Results: 3331 Complete Feature(s), 0 Incomplete Feature(s), 0 Referenced Feature(s), 0 Unreferenced Feature(s), 0 Referencer Feature(s) (NO REFERENCES), 0 Referencee Feature(s) (NO Referencee fields defined), and 0 Duplicate Referencee Feature(s)
2017-12-19 10:55:54|   9.8|  0.0|STATS |FeatureMerger_3_MERGED Feature Counter -1 118(TeeFactory): Cloned 3331 input feature(s) into 3331 output feature(s)
2017-12-19 10:55:54|   9.8|  0.0|STATS |AttributeRenamer_6_OUTPUT Feature Counter -1 119(TeeFactory): Cloned 3331 input feature(s) into 3331 output feature(s)
2017-12-19 10:55:54|   9.8|  0.0|STATS |AttributeRenamer_26_OUTPUT Feature Counter -1 386(TeeFactory): Cloned 6662 input feature(s) into 6662 output feature(s)
2017-12-19 10:55:55|  10.6|  0.8|STATS |FeatureMerger_4(ReferenceFactory): Total Results: 3331 Complete Feature(s), 0 Incomplete Feature(s), 0 Referenced Feature(s), 0 Unreferenced Feature(s), 0 Referencer Feature(s) (NO REFERENCES), 0 Referencee Feature(s) (NO Referencee fields defined), and 0 Duplicate Referencee Feature(s)
2017-12-19 10:55:55|  10.6|  0.0|STATS |FeatureMerger_4_MERGED Feature Counter -1 120(TeeFactory): Cloned 3331 input feature(s) into 3331 output feature(s)
2017-12-19 10:55:55|  10.6|  0.0|STATS |AttributeRenamer_7 OUTPUT Splitter(TeeFactory): Cloned 3331 input feature(s) into 9993 output feature(s)
2017-12-19 10:55:55|  10.6|  0.0|STATS |AttributeRenamer_7_OUTPUT_0_KsdHrea8LHE= Feature Counter -1 121(TeeFactory): Cloned 3331 input feature(s) into 3331 output feature(s)
2017-12-19 10:55:55|  10.6|  0.0|STATS |AttributeRenamer_7_OUTPUT_1_kDuB+R9fA3s= Feature Counter -1 122(TeeFactory): Cloned 3331 input feature(s) into 3331 output feature(s)
2017-12-19 10:55:55|  10.6|  0.0|STATS |AttributeRenamer_7_OUTPUT_2_kjsd0wtKIXg= Feature Counter -1 123(TeeFactory): Cloned 3331 input feature(s) into 3331 output feature(s)
2017-12-19 10:55:55|  10.6|  0.0|STATS |3DForcer_2(TeeFactory): Cloned 3331 input feature(s) into 3331 output feature(s)
2017-12-19 10:55:55|  10.6|  0.0|STATS |3DForcer_2_Rejector(TestFactory): Tested 3331 input feature(s) -- 0 feature(s) passed and 3331 feature(s) failed
2017-12-19 10:55:55|  10.6|  0.0|STATS |3DForcer_2_OUTPUT Feature Counter -1 126(TeeFactory): Cloned 3331 input feature(s) into 3331 output feature(s)
2017-12-19 10:55:55|  10.6|  0.0|STATS |3DForcer_2_<REJECTED> Feature Counter -1 2147680307(TeeFactory): Cloned 0 input feature(s) into 0 output feature(s)
2017-12-19 10:55:55|  10.6|  0.0|STATS |AttributeCreator_3_OUTPUT Feature Counter -1 125(TeeFactory): Cloned 3331 input feature(s) into 3331 output feature(s)
2017-12-19 10:55:55|  10.6|  0.0|STATS |GeometryPropertySetter_2_Outputter(TeeFactory): Cloned 3331 input feature(s) into 3331 output feature(s)
2017-12-19 10:55:55|  10.6|  0.0|STATS |GeometryPropertySetter_2_SET Feature Counter -1 128(TeeFactory): Cloned 3331 input feature(s) into 3331 output feature(s)
2017-12-19 10:55:55|  10.6|  0.0|STATS |AttributeCreator_6_OUTPUT Feature Counter -1 129(TeeFactory): Cloned 3331 input feature(s) into 3331 output feature(s)
2017-12-19 10:55:55|  10.6|  0.0|STATS |AttributeRenamer_8_OUTPUT Feature Counter -1 124(TeeFactory): Cloned 3331 input feature(s) into 3331 output feature(s)
2017-12-19 10:55:56|  11.1|  0.6|STATS |FeatureMerger_5(ReferenceFactory): Total Results: 3331 Complete Feature(s), 3331 Incomplete Feature(s), 0 Referenced Feature(s), 0 Unreferenced Feature(s), 0 Referencer Feature(s) (NO REFERENCES), 0 Referencee Feature(s) (NO Referencee fields defined), and 0 Duplicate Referencee Feature(s)
2017-12-19 10:55:56|  11.1|  0.0|STATS |FeatureMerger_5_MERGED Feature Counter -1 463(TeeFactory): Cloned 3331 input feature(s) into 3331 output feature(s)
2017-12-19 10:55:56|  11.1|  0.0|STATS |FeatureMerger_5_NOT_MERGED Feature Counter -1 148(TeeFactory): Cloned 3331 input feature(s) into 3331 output feature(s)
2017-12-19 10:55:56|  11.7|  0.5|STATS |FeatureMerger_6(ReferenceFactory): Total Results: 3331 Complete Feature(s), 0 Incomplete Feature(s), 0 Referenced Feature(s), 0 Unreferenced Feature(s), 0 Referencer Feature(s) (NO REFERENCES), 0 Referencee Feature(s) (NO Referencee fields defined), and 0 Duplicate Referencee Feature(s)
2017-12-19 10:55:56|  11.7|  0.0|STATS |FeatureMerger_6_MERGED Feature Counter -1 130(TeeFactory): Cloned 3331 input feature(s) into 3331 output feature(s)
2017-12-19 10:55:56|  11.7|  0.0|STATS |AttributeCreator_11_OUTPUT Feature Counter -1 464(TeeFactory): Cloned 6662 input feature(s) into 6662 output feature(s)
2017-12-19 10:55:56|  11.7|  0.0|STATS |3DForcer_3(TeeFactory): Cloned 6662 input feature(s) into 6662 output feature(s)
2017-12-19 10:55:56|  11.7|  0.0|STATS |3DForcer_3_Rejector(TestFactory): Tested 6662 input feature(s) -- 0 feature(s) passed and 6662 feature(s) failed
2017-12-19 10:55:56|  11.7|  0.0|STATS |3DForcer_3_OUTPUT Feature Counter -1 132(TeeFactory): Cloned 6662 input feature(s) into 6662 output feature(s)
2017-12-19 10:55:56|  11.7|  0.0|STATS |3DForcer_3_<REJECTED> Feature Counter -1 2147680313(TeeFactory): Cloned 0 input feature(s) into 0 output feature(s)
2017-12-19 10:55:56|  11.7|  0.0|STATS |AttributeCreator_7_OUTPUT Feature Counter -1 131(TeeFactory): Cloned 6662 input feature(s) into 6662 output feature(s)
2017-12-19 10:55:56|  11.7|  0.0|STATS |GeometryPropertySetter_3_Outputter(TeeFactory): Cloned 6662 input feature(s) into 6662 output feature(s)
2017-12-19 10:55:56|  11.7|  0.0|STATS |GeometryPropertySetter_3_SET Feature Counter -1 133(TeeFactory): Cloned 6662 input feature(s) into 6662 output feature(s)
2017-12-19 10:55:56|  11.7|  0.0|STATS |AttributeCreator_8_OUTPUT Feature Counter -1 135(TeeFactory): Cloned 6662 input feature(s) into 6662 output feature(s)
2017-12-19 10:55:56|  11.7|  0.0|STATS |AttributeRenamer_9_OUTPUT Feature Counter -1 134(TeeFactory): Cloned 6662 input feature(s) into 6662 output feature(s)
2017-12-19 10:55:56|  11.7|  0.0|STATS |AttributeFilter_2(TeeFactory): Cloned 3331 input feature(s) into 3331 output feature(s)
2017-12-19 10:55:56|  11.7|  0.0|STATS |AttributeFilter_2 <lt>EMPTY<gt> Output Nuker(TeeFactory): Cloned 0 input feature(s) into 0 output feature(s)
2017-12-19 10:55:56|  11.7|  0.0|STATS |AttributeFilter_2 <lt>MISSING<gt> Output Nuker(TeeFactory): Cloned 0 input feature(s) into 0 output feature(s)
2017-12-19 10:55:56|  11.7|  0.0|STATS |AttributeFilter_2 <lt>NULL<gt> Output Nuker(TeeFactory): Cloned 0 input feature(s) into 0 output feature(s)
2017-12-19 10:55:56|  11.7|  0.0|STATS |AttributeFilter_2 <lt>UNFILTERED<gt> Output Nuker(TeeFactory): Cloned 2067 input feature(s) into 0 output feature(s)
2017-12-19 10:55:56|  11.7|  0.0|STATS |AttributeFilter_2_houseServiceLine Feature Counter -1 564(TeeFactory): Cloned 1264 input feature(s) into 1264 output feature(s)
2017-12-19 10:55:56|  11.7|  0.0|STATS |AttributeValueMapper_4(TeeFactory): Cloned 1264 input feature(s) into 1264 output feature(s)
2017-12-19 10:55:56|  11.7|  0.0|STATS |AttributeValueMapper_4_OUTPUT Feature Counter -1 534(TeeFactory): Cloned 1264 input feature(s) into 1264 output feature(s)
2017-12-19 10:55:56|  11.7|  0.0|STATS |TopologyBuilder_2(TopologyFactory): Computing topology defined by 1264 input feature(s)
2017-12-19 10:55:56|  11.7|  0.1|STATS |TopologyBuilder_2_NODE Feature Counter -1 222(TeeFactory): Cloned 2491 input feature(s) into 2491 output feature(s)
2017-12-19 10:55:56|  11.7|  0.0|STATS |TopologyBuilder_2_<REJECTED> Feature Counter -1 2147877081(TeeFactory): Cloned 0 input feature(s) into 0 output feature(s)
2017-12-19 10:55:56|  11.7|  0.0|INFORM|Creating spatial index of 1300 area features
2017-12-19 10:55:56|  11.7|  0.0|INFORM|38.46% done creating area index
2017-12-19 10:55:56|  11.7|  0.0|INFORM|100% done creating area index
2017-12-19 10:55:56|  11.7|  0.0|INFORM|Computing relationships between 1300 input areas and 2491 input points
2017-12-19 10:55:56|  11.8|  0.1|STATS |Input Summary:  1300 area(s), 2491 point(s), and 0 line(s)
2017-12-19 10:55:56|  11.8|  0.0|STATS |Output Summary: 0 area(s), 2491 point(s), and 0 line(s)
2017-12-19 10:55:56|  11.8|  0.0|STATS |PointOnAreaOverlayer_POINT Feature Counter -1 223(TeeFactory): Cloned 2491 input feature(s) into 2491 output feature(s)
2017-12-19 10:55:56|  11.8|  0.0|STATS |PointOnAreaOverlayer_<REJECTED> Feature Counter -1 2147746010(TeeFactory): Cloned 0 input feature(s) into 0 output feature(s)
2017-12-19 10:55:56|  11.8|  0.0|STATS |AttributeFilter(TeeFactory): Cloned 2491 input feature(s) into 2491 output feature(s)
2017-12-19 10:55:56|  11.8|  0.0|STATS |AttributeFilter <lt>EMPTY<gt> Output Nuker(TeeFactory): Cloned 0 input feature(s) into 0 output feature(s)
2017-12-19 10:55:56|  11.8|  0.0|STATS |AttributeFilter <lt>MISSING<gt> Output Nuker(TeeFactory): Cloned 1242 input feature(s) into 0 output feature(s)
2017-12-19 10:55:56|  11.8|  0.0|STATS |AttributeFilter <lt>NULL<gt> Output Nuker(TeeFactory): Cloned 0 input feature(s) into 0 output feature(s)
2017-12-19 10:55:56|  11.8|  0.0|STATS |AttributeFilter_<lt>UNFILTERED<gt> Feature Counter -1 226(TeeFactory): Cloned 1249 input feature(s) into 1249 output feature(s)
2017-12-19 10:55:56|  11.8|  0.0|STATS |FeatureMerger_9(ReferenceFactory): Total Results: 1249 Complete Feature(s), 0 Incomplete Feature(s), 0 Referenced Feature(s), 0 Unreferenced Feature(s), 0 Referencer Feature(s) (NO REFERENCES), 0 Referencee Feature(s) (NO Referencee fields defined), and 0 Duplicate Referencee Feature(s)
2017-12-19 10:55:56|  11.8|  0.0|STATS |FeatureMerger_9_MERGED Feature Counter -1 236(TeeFactory): Cloned 1249 input feature(s) into 1249 output feature(s)
2017-12-19 10:55:56|  11.8|  0.0|INFORM|SurfaceDraper_2(SurfaceModelFactory): Starting to build surface model with 1505860 input coordinates
2017-12-19 10:56:01|  16.0|  4.2|INFORM|Incorporated 953100 vertices into SurfaceModel
2017-12-19 10:56:03|  18.2|  2.2|INFORM|SurfaceDraper_2(SurfaceModelFactory): Added 1 of 1 large geometries into the model
2017-12-19 10:56:03|  18.2|  0.0|INFORM|SurfaceDraper_2(SurfaceModelFactory): Finished building surface model with extents (415628.18775009841,5437668.6330556702,0) (441524.79337995104, 5458625.3139138706,1021)
2017-12-19 10:56:03|  18.2|  0.0|INFORM|SurfaceDraper_2(SurfaceModelFactory): Features now being Draped
2017-12-19 10:56:03|  18.3|  0.1|STATS |SurfaceDraper_2(SurfaceModelFactory): Processed 1 features and 0 breaklines. 1 were added to the model successfully. 0 were not added. The number of DEM points output was 0. The number of triangles output was 0. The number of Voronoi Polygons was 0. The number of contours output was 0. The number of vertex points output was 0. The number of features draped was 1249. The number of raster features output was 0. The number of TIN Surface features output was 0. The total number of features output was 1249
2017-12-19 10:56:03|  18.3|  0.0|STATS |SurfaceDraper_2 DRAPED_FEATURES Splitter(TeeFactory): Cloned 1249 input feature(s) into 2498 output feature(s)
2017-12-19 10:56:03|  18.3|  0.0|STATS |SurfaceDraper_2_DRAPED_FEATURES_0_wSQEE3CJ2VM= Feature Counter -1 264(TeeFactory): Cloned 1249 input feature(s) into 1249 output feature(s)
2017-12-19 10:56:03|  18.3|  0.0|STATS |SurfaceDraper_2_DRAPED_FEATURES_1_HMiA4o46ONM= Feature Counter -1 238(TeeFactory): Cloned 1249 input feature(s) into 1249 output feature(s)
2017-12-19 10:56:03|  18.3|  0.0|STATS |Offsetter_2_Offsetter(TeeFactory): Cloned 1249 input feature(s) into 1249 output feature(s)
2017-12-19 10:56:03|  18.3|  0.0|STATS |Offsetter_2_Rejector(TestFactory): Tested 1249 input feature(s) -- 0 feature(s) passed and 1249 feature(s) failed
2017-12-19 10:56:03|  18.3|  0.0|STATS |Offsetter_2_PointCloudOffsetter(TestFactory): Tested 1249 input feature(s) -- 0 feature(s) passed and 1249 feature(s) failed
2017-12-19 10:56:03|  18.3|  0.0|STATS |Offsetter_2_OFFSET Feature Counter -1 237(TeeFactory): Cloned 1249 input feature(s) into 1249 output feature(s)
2017-12-19 10:56:03|  18.3|  0.0|STATS |Offsetter_2_<REJECTED> Feature Counter -1 2147680518(TeeFactory): Cloned 0 input feature(s) into 0 output feature(s)
2017-12-19 10:56:03|  18.3|  0.0|STATS |PointConnector(ConnectionFactory): Processed 2498 input feature(s). Output 1248 feature(s) consisting of 0 polygonal feature(s), 1248 linear feature(s), and 0 point feature(s)
2017-12-19 10:56:03|  18.3|  0.0|STATS |PointConnector_LINE Feature Counter -1 501(TeeFactory): Cloned 1248 input feature(s) into 1248 output feature(s)
2017-12-19 10:56:03|  18.3|  0.0|STATS |PointConnector_<REJECTED> Feature Counter -1 2147811562(TeeFactory): Cloned 0 input feature(s) into 0 output feature(s)
2017-12-19 10:56:03|  18.3|  0.0|STATS |AttributeRenamer_20_OUTPUT Feature Counter -1 498(TeeFactory): Cloned 1248 input feature(s) into 1248 output feature(s)
2017-12-19 10:56:03|  18.3|  0.0|STATS |TopologyBuilder_3(TopologyFactory): Computing topology defined by 1248 input feature(s)
2017-12-19 10:56:03|  18.3|  0.0|INFORM|ListExploder_3(ElementFactory): No MODE specified.  Using default processing mode (CLASSIC)
2017-12-19 10:56:03|  18.3|  0.0|INFORM|Processed 2 elements with mode CLASSIC
2017-12-19 10:56:04|  19.2|  0.8|STATS |TopologyBuilder_3_NODE Feature Counter -1 248(TeeFactory): Cloned 2496 input feature(s) into 2496 output feature(s)
2017-12-19 10:56:04|  19.2|  0.0|STATS |TopologyBuilder_3_LINE Feature Counter -1 277(TeeFactory): Cloned 1248 input feature(s) into 1248 output feature(s)
2017-12-19 10:56:04|  19.2|  0.0|STATS |TopologyBuilder_3_<REJECTED> Feature Counter -1 2147877106(TeeFactory): Cloned 0 input feature(s) into 0 output feature(s)
2017-12-19 10:56:04|  19.2|  0.0|STATS |UUIDGenerator_12(TeeFactory): Cloned 1248 input feature(s) into 1248 output feature(s)
2017-12-19 10:56:04|  19.2|  0.0|STATS |UUIDGenerator_12_OUTPUT Feature Counter -1 276(TeeFactory): Cloned 1248 input feature(s) into 1248 output feature(s)
2017-12-19 10:56:04|  19.2|  0.0|STATS |StringConcatenator_12(TeeFactory): Cloned 1248 input feature(s) into 1248 output feature(s)
2017-12-19 10:56:04|  19.2|  0.0|STATS |StringConcatenator_12_OUTPUT Feature Counter -1 280(TeeFactory): Cloned 1248 input feature(s) into 1248 output feature(s)
2017-12-19 10:56:04|  19.2|  0.0|STATS |UUIDGenerator_13(TeeFactory): Cloned 1248 input feature(s) into 1248 output feature(s)
2017-12-19 10:56:04|  19.2|  0.0|STATS |UUIDGenerator_13_OUTPUT Feature Counter -1 281(TeeFactory): Cloned 1248 input feature(s) into 1248 output feature(s)
2017-12-19 10:56:04|  19.2|  0.0|STATS |StringConcatenator_13(TeeFactory): Cloned 1248 input feature(s) into 1248 output feature(s)
2017-12-19 10:56:04|  19.2|  0.0|STATS |StringConcatenator_13_OUTPUT Feature Counter -1 294(TeeFactory): Cloned 1248 input feature(s) into 1248 output feature(s)
2017-12-19 10:56:04|  19.2|  0.0|STATS |UUIDGenerator_15(TeeFactory): Cloned 1248 input feature(s) into 1248 output feature(s)
2017-12-19 10:56:04|  19.2|  0.0|STATS |UUIDGenerator_15_OUTPUT Feature Counter -1 290(TeeFactory): Cloned 1248 input feature(s) into 1248 output feature(s)
2017-12-19 10:56:04|  19.2|  0.0|STATS |StringConcatenator_15(TeeFactory): Cloned 1248 input feature(s) into 1248 output feature(s)
2017-12-19 10:56:04|  19.2|  0.0|STATS |StringConcatenator_15 OUTPUT Splitter(TeeFactory): Cloned 1248 input feature(s) into 3744 output feature(s)
2017-12-19 10:56:04|  19.2|  0.0|STATS |StringConcatenator_15_OUTPUT_0_s6YJcliQcF0= Feature Counter -1 282(TeeFactory): Cloned 1248 input feature(s) into 1248 output feature(s)
2017-12-19 10:56:04|  19.2|  0.0|STATS |StringConcatenator_15_OUTPUT_1_pQHRXCdsTo0= Feature Counter -1 322(TeeFactory): Cloned 1248 input feature(s) into 1248 output feature(s)
2017-12-19 10:56:04|  19.2|  0.0|STATS |StringConcatenator_15_OUTPUT_2_vthGPtmBxXs= Feature Counter -1 488(TeeFactory): Cloned 1248 input feature(s) into 1248 output feature(s)
2017-12-19 10:56:04|  19.2|  0.0|STATS |AttributeCreator_17_OUTPUT Feature Counter -1 327(TeeFactory): Cloned 1248 input feature(s) into 1248 output feature(s)
2017-12-19 10:56:04|  19.2|  0.0|STATS |GeometryPropertySetter_6_Outputter(TeeFactory): Cloned 1248 input feature(s) into 1248 output feature(s)
2017-12-19 10:56:04|  19.2|  0.0|STATS |GeometryPropertySetter_6_SET Feature Counter -1 499(TeeFactory): Cloned 1248 input feature(s) into 1248 output feature(s)
2017-12-19 10:56:04|  19.2|  0.0|STATS |AttributeCreator_22 OUTPUT Splitter(TeeFactory): Cloned 1248 input feature(s) into 2496 output feature(s)
2017-12-19 10:56:04|  19.2|  0.0|STATS |AttributeCreator_22_OUTPUT_0_JNcnaPdcoJk= Feature Counter -1 502(TeeFactory): Cloned 1248 input feature(s) into 1248 output feature(s)
2017-12-19 10:56:04|  19.2|  0.0|STATS |AttributeCreator_22_OUTPUT_1_O0pdpM/0NQs= Feature Counter -1 550(TeeFactory): Cloned 1248 input feature(s) into 1248 output feature(s)
2017-12-19 10:56:04|  19.2|  0.0|STATS |GeometryRemover_2(TeeFactory): Cloned 1248 input feature(s) into 1248 output feature(s)
2017-12-19 10:56:04|  19.2|  0.0|STATS |GeometryRemover_2 OUTPUT Splitter(TeeFactory): Cloned 1248 input feature(s) into 2496 output feature(s)
2017-12-19 10:56:04|  19.2|  0.0|STATS |GeometryRemover_2_OUTPUT_0_n8X2qXISBf8= Feature Counter -1 489(TeeFactory): Cloned 1248 input feature(s) into 1248 output feature(s)
2017-12-19 10:56:04|  19.2|  0.0|STATS |GeometryRemover_2_OUTPUT_1_Nr+8gbXEEwc= Feature Counter -1 558(TeeFactory): Cloned 1248 input feature(s) into 1248 output feature(s)
2017-12-19 10:56:04|  19.3|  0.2|STATS |FeatureMerger_16(ReferenceFactory): Total Results: 1248 Complete Feature(s), 0 Incomplete Feature(s), 0 Referenced Feature(s), 0 Unreferenced Feature(s), 0 Referencer Feature(s) (NO REFERENCES), 0 Referencee Feature(s) (NO Referencee fields defined), and 0 Duplicate Referencee Feature(s)
2017-12-19 10:56:04|  19.3|  0.0|STATS |FeatureMerger_16_MERGED Feature Counter -1 551(TeeFactory): Cloned 1248 input feature(s) into 1248 output feature(s)
2017-12-19 10:56:04|  19.3|  0.0|STATS |AttributeRenamer_30_OUTPUT Feature Counter -1 500(TeeFactory): Cloned 1248 input feature(s) into 1248 output feature(s)
2017-12-19 10:56:04|  19.3|  0.0|STATS |AttributeCreator_15_OUTPUT Feature Counter -1 552(TeeFactory): Cloned 1248 input feature(s) into 1248 output feature(s)
2017-12-19 10:56:04|  19.3|  0.0|STATS |AttributeCreator_18_OUTPUT Feature Counter -1 336(TeeFactory): Cloned 1248 input feature(s) into 1248 output feature(s)
2017-12-19 10:56:04|  19.3|  0.0|STATS |AttributeRenamer_21_OUTPUT Feature Counter -1 486(TeeFactory): Cloned 1248 input feature(s) into 1248 output feature(s)
2017-12-19 10:56:04|  19.3|  0.0|STATS |ListExploder_3(ElementFactory): Split out 2496 list elements from 2496 input features, using mode CLASSIC
2017-12-19 10:56:04|  19.3|  0.0|STATS |ListExploder_3_ELEMENTS Feature Counter -1 341(TeeFactory): Cloned 2496 input feature(s) into 2496 output feature(s)
2017-12-19 10:56:04|  19.3|  0.0|STATS |ListExploder_3_<REJECTED> Feature Counter -1 2147680596(TeeFactory): Cloned 0 input feature(s) into 0 output feature(s)
2017-12-19 10:56:04|  19.3|  0.0|STATS |ExpressionEvaluator_2(TeeFactory): Cloned 2496 input feature(s) into 2496 output feature(s)
2017-12-19 10:56:04|  19.3|  0.0|STATS |ExpressionEvaluator_2_OUTPUT Feature Counter -1 257(TeeFactory): Cloned 2496 input feature(s) into 2496 output feature(s)
2017-12-19 10:56:04|  19.3|  0.0|STATS |UUIDGenerator_11(TeeFactory): Cloned 2496 input feature(s) into 2496 output feature(s)
2017-12-19 10:56:04|  19.3|  0.0|STATS |UUIDGenerator_11_OUTPUT Feature Counter -1 258(TeeFactory): Cloned 2496 input feature(s) into 2496 output feature(s)
2017-12-19 10:56:04|  19.3|  0.0|STATS |StringConcatenator_11(TeeFactory): Cloned 2496 input feature(s) into 2496 output feature(s)
2017-12-19 10:56:04|  19.3|  0.0|STATS |StringConcatenator_11 OUTPUT Splitter(TeeFactory): Cloned 2496 input feature(s) into 9984 output feature(s)
2017-12-19 10:56:04|  19.3|  0.0|STATS |StringConcatenator_11_OUTPUT_0_rcAV63/Bimk= Feature Counter -1 270(TeeFactory): Cloned 2496 input feature(s) into 2496 output feature(s)
2017-12-19 10:56:04|  19.3|  0.0|STATS |StringConcatenator_11_OUTPUT_1_gxMVSsiFJAA= Feature Counter -1 273(TeeFactory): Cloned 2496 input feature(s) into 2496 output feature(s)
2017-12-19 10:56:04|  19.3|  0.0|STATS |StringConcatenator_11_OUTPUT_2_6768sEUVw/Q= Feature Counter -1 295(TeeFactory): Cloned 2496 input feature(s) into 2496 output feature(s)
2017-12-19 10:56:04|  19.3|  0.0|STATS |StringConcatenator_11_OUTPUT_3_EirS9kILybc= Feature Counter -1 387(TeeFactory): Cloned 2496 input feature(s) into 2496 output feature(s)
2017-12-19 10:56:04|  19.3|  0.0|STATS |AttributeRenamer_27_OUTPUT Feature Counter -1 388(TeeFactory): Cloned 2496 input feature(s) into 2496 output feature(s)
2017-12-19 10:56:04|  19.3|  0.0|INFORM|Processing base feature(s)...
2017-12-19 10:56:04|  19.4|  0.1|STATS |NeighborFinder(ProximityFactory): Input Summary:  2496 base feature(s), 6662 candidate feature(s)
2017-12-19 10:56:04|  19.4|  0.0|STATS |NeighborFinder(ProximityFactory): Output Summary: 2496 matched feature(s), 0 unmatched base feature(s)
2017-12-19 10:56:04|  19.4|  0.0|STATS |NeighborFinder_MATCHED Feature Counter -1 389(TeeFactory): Cloned 2496 input feature(s) into 2496 output feature(s)
2017-12-19 10:56:04|  19.4|  0.0|STATS |NeighborFinder_<REJECTED> Feature Counter -1 2147811659(TeeFactory): Cloned 0 input feature(s) into 0 output feature(s)
2017-12-19 10:56:04|  19.4|  0.0|INFORM|Sorter(SortFactory): Starting sorting 2496 feature(s)
2017-12-19 10:56:04|  19.4|  0.0|INFORM|Sorter(SortFactory): Done sorting 2496 feature(s)
2017-12-19 10:56:04|  19.6|  0.2|STATS |Sorter(SortFactory): Sorted 2496 feature(s)
2017-12-19 10:56:04|  19.6|  0.0|STATS |Sorter_SORTED Feature Counter -1 391(TeeFactory): Cloned 2496 input feature(s) into 2496 output feature(s)
2017-12-19 10:56:04|  19.6|  0.0|STATS |DuplicateFilter_2_UNIQUE Feature Counter -1 396(TeeFactory): Cloned 1261 input feature(s) into 1261 output feature(s)
2017-12-19 10:56:04|  19.6|  0.0|STATS |UUIDGenerator_16(TeeFactory): Cloned 1261 input feature(s) into 1261 output feature(s)
2017-12-19 10:56:04|  19.6|  0.0|STATS |UUIDGenerator_16_OUTPUT Feature Counter -1 409(TeeFactory): Cloned 1261 input feature(s) into 1261 output feature(s)
2017-12-19 10:56:04|  19.6|  0.0|STATS |StringConcatenator_16(TeeFactory): Cloned 1261 input feature(s) into 1261 output feature(s)
2017-12-19 10:56:04|  19.6|  0.0|STATS |StringConcatenator_16_OUTPUT Feature Counter -1 410(TeeFactory): Cloned 1261 input feature(s) into 1261 output feature(s)
2017-12-19 10:56:04|  19.6|  0.0|STATS |AttributeRenamer_29(TeeFactory): Cloned 1261 input feature(s) into 1261 output feature(s)
2017-12-19 10:56:04|  19.6|  0.0|STATS |AttributeRenamer_29_OUTPUT Feature Counter -1 403(TeeFactory): Cloned 1261 input feature(s) into 1261 output feature(s)
2017-12-19 10:56:04|  19.6|  0.0|STATS |GeometryRemover_4(TeeFactory): Cloned 1261 input feature(s) into 1261 output feature(s)
2017-12-19 10:56:04|  19.6|  0.0|STATS |GeometryRemover_4_OUTPUT Feature Counter -1 404(TeeFactory): Cloned 1261 input feature(s) into 1261 output feature(s)
2017-12-19 10:56:04|  19.6|  0.0|STATS |AttributeCreator_21_OUTPUT Feature Counter -1 405(TeeFactory): Cloned 1261 input feature(s) into 1261 output feature(s)
2017-12-19 10:56:04|  19.6|  0.0|STATS |AttributeCreator_20_OUTPUT Feature Counter -1 493(TeeFactory): Cloned 1261 input feature(s) into 1261 output feature(s)
2017-12-19 10:56:04|  19.6|  0.0|STATS |AttributeRenamer_28(TeeFactory): Cloned 1261 input feature(s) into 1261 output feature(s)
2017-12-19 10:56:04|  19.6|  0.0|STATS |AttributeRenamer_28_OUTPUT Feature Counter -1 411(TeeFactory): Cloned 1261 input feature(s) into 1261 output feature(s)
2017-12-19 10:56:04|  19.6|  0.0|STATS |FeatureMerger_10(ReferenceFactory): Total Results: 1248 Complete Feature(s), 0 Incomplete Feature(s), 0 Referenced Feature(s), 0 Unreferenced Feature(s), 0 Referencer Feature(s) (NO REFERENCES), 0 Referencee Feature(s) (NO Referencee fields defined), and 0 Duplicate Referencee Feature(s)
2017-12-19 10:56:04|  19.6|  0.0|STATS |FeatureMerger_10_MERGED Feature Counter -1 271(TeeFactory): Cloned 1248 input feature(s) into 1248 output feature(s)
2017-12-19 10:56:04|  19.6|  0.0|STATS |AttributeRenamer_15_OUTPUT Feature Counter -1 268(TeeFactory): Cloned 1248 input feature(s) into 1248 output feature(s)
2017-12-19 10:56:04|  19.9|  0.3|STATS |FeatureMerger_11(ReferenceFactory): Total Results: 1248 Complete Feature(s), 0 Incomplete Feature(s), 0 Referenced Feature(s), 0 Unreferenced Feature(s), 0 Referencer Feature(s) (NO REFERENCES), 0 Referencee Feature(s) (NO Referencee fields defined), and 0 Duplicate Referencee Feature(s)
2017-12-19 10:56:04|  19.9|  0.0|STATS |FeatureMerger_11_MERGED Feature Counter -1 272(TeeFactory): Cloned 1248 input feature(s) into 1248 output feature(s)
2017-12-19 10:56:04|  19.9|  0.0|STATS |AttributeRenamer_16 OUTPUT Splitter(TeeFactory): Cloned 1248 input feature(s) into 3744 output feature(s)
2017-12-19 10:56:04|  19.9|  0.0|STATS |AttributeRenamer_16_OUTPUT_0_xDk/R6Ts1Z4= Feature Counter -1 306(TeeFactory): Cloned 1248 input feature(s) into 1248 output feature(s)
2017-12-19 10:56:04|  19.9|  0.0|STATS |AttributeRenamer_16_OUTPUT_1_Z64Kc0TbeU8= Feature Counter -1 296(TeeFactory): Cloned 1248 input feature(s) into 1248 output feature(s)
2017-12-19 10:56:04|  19.9|  0.0|STATS |AttributeRenamer_16_OUTPUT_2_9QLXURSLd4o= Feature Counter -1 316(TeeFactory): Cloned 1248 input feature(s) into 1248 output feature(s)
2017-12-19 10:56:05|  20.1|  0.2|STATS |FeatureMerger_13(ReferenceFactory): Total Results: 1248 Complete Feature(s), 1248 Incomplete Feature(s), 0 Referenced Feature(s), 0 Unreferenced Feature(s), 0 Referencer Feature(s) (NO REFERENCES), 0 Referencee Feature(s) (NO Referencee fields defined), and 0 Duplicate Referencee Feature(s)
2017-12-19 10:56:05|  20.1|  0.0|STATS |FeatureMerger_13_MERGED Feature Counter -1 520(TeeFactory): Cloned 1248 input feature(s) into 1248 output feature(s)
2017-12-19 10:56:05|  20.1|  0.0|STATS |FeatureMerger_13_NOT_MERGED Feature Counter -1 317(TeeFactory): Cloned 1248 input feature(s) into 1248 output feature(s)
2017-12-19 10:56:05|  20.3|  0.2|STATS |FeatureMerger_12(ReferenceFactory): Total Results: 1248 Complete Feature(s), 0 Incomplete Feature(s), 0 Referenced Feature(s), 0 Unreferenced Feature(s), 0 Referencer Feature(s) (NO REFERENCES), 0 Referencee Feature(s) (NO Referencee fields defined), and 0 Duplicate Referencee Feature(s)
2017-12-19 10:56:05|  20.3|  0.0|STATS |FeatureMerger_12_MERGED Feature Counter -1 319(TeeFactory): Cloned 1248 input feature(s) into 1248 output feature(s)
2017-12-19 10:56:05|  20.3|  0.0|STATS |AttributeCreator_23_OUTPUT Feature Counter -1 521(TeeFactory): Cloned 2496 input feature(s) into 2496 output feature(s)
2017-12-19 10:56:05|  20.3|  0.0|STATS |3DForcer_5(TeeFactory): Cloned 2496 input feature(s) into 2496 output feature(s)
2017-12-19 10:56:05|  20.3|  0.0|STATS |3DForcer_5_Rejector(TestFactory): Tested 2496 input feature(s) -- 0 feature(s) passed and 2496 feature(s) failed
2017-12-19 10:56:05|  20.3|  0.0|STATS |3DForcer_5_OUTPUT Feature Counter -1 313(TeeFactory): Cloned 2496 input feature(s) into 2496 output feature(s)
2017-12-19 10:56:05|  20.3|  0.0|STATS |3DForcer_5_<REJECTED> Feature Counter -1 2147680564(TeeFactory): Cloned 0 input feature(s) into 0 output feature(s)
2017-12-19 10:56:05|  20.3|  0.0|STATS |AttributeCreator_14_OUTPUT Feature Counter -1 312(TeeFactory): Cloned 2496 input feature(s) into 2496 output feature(s)
2017-12-19 10:56:05|  20.3|  0.0|STATS |GeometryPropertySetter_5_Outputter(TeeFactory): Cloned 2496 input feature(s) into 2496 output feature(s)
2017-12-19 10:56:05|  20.3|  0.0|STATS |GeometryPropertySetter_5_SET Feature Counter -1 314(TeeFactory): Cloned 2496 input feature(s) into 2496 output feature(s)
2017-12-19 10:56:05|  20.3|  0.0|STATS |AttributeCreator_16_OUTPUT Feature Counter -1 315(TeeFactory): Cloned 2496 input feature(s) into 2496 output feature(s)
2017-12-19 10:56:05|  20.3|  0.0|STATS |AttributeRenamer_18_OUTPUT Feature Counter -1 320(TeeFactory): Cloned 2496 input feature(s) into 2496 output feature(s)
2017-12-19 10:56:05|  20.3|  0.0|STATS |3DForcer_4(TeeFactory): Cloned 1248 input feature(s) into 1248 output feature(s)
2017-12-19 10:56:05|  20.3|  0.0|STATS |3DForcer_4_Rejector(TestFactory): Tested 1248 input feature(s) -- 0 feature(s) passed and 1248 feature(s) failed
2017-12-19 10:56:05|  20.3|  0.0|STATS |3DForcer_4_OUTPUT Feature Counter -1 303(TeeFactory): Cloned 1248 input feature(s) into 1248 output feature(s)
2017-12-19 10:56:05|  20.3|  0.0|STATS |3DForcer_4_<REJECTED> Feature Counter -1 2147680555(TeeFactory): Cloned 0 input feature(s) into 0 output feature(s)
2017-12-19 10:56:05|  20.3|  0.0|STATS |AttributeCreator_12_OUTPUT Feature Counter -1 302(TeeFactory): Cloned 1248 input feature(s) into 1248 output feature(s)
2017-12-19 10:56:05|  20.3|  0.0|STATS |GeometryPropertySetter_4_Outputter(TeeFactory): Cloned 1248 input feature(s) into 1248 output feature(s)
2017-12-19 10:56:05|  20.3|  0.0|STATS |GeometryPropertySetter_4_SET Feature Counter -1 304(TeeFactory): Cloned 1248 input feature(s) into 1248 output feature(s)
2017-12-19 10:56:05|  20.3|  0.0|STATS |AttributeCreator_13_OUTPUT Feature Counter -1 305(TeeFactory): Cloned 1248 input feature(s) into 1248 output feature(s)
2017-12-19 10:56:05|  20.3|  0.0|STATS |AttributeRenamer_17_OUTPUT Feature Counter -1 321(TeeFactory): Cloned 1248 input feature(s) into 1248 output feature(s)
2017-12-19 10:56:05|  20.3|  0.0|INFORM|SurfaceDraper(SurfaceModelFactory): Starting to build surface model with 1505860 input coordinates
2017-12-19 10:56:10|  25.0|  4.7|INFORM|Incorporated 1062700 vertices into SurfaceModel
2017-12-19 10:56:11|  26.7|  1.7|INFORM|SurfaceDraper(SurfaceModelFactory): Added 1 of 1 large geometries into the model
2017-12-19 10:56:11|  26.7|  0.0|INFORM|SurfaceDraper(SurfaceModelFactory): Finished building surface model with extents (415628.18775009841,5437668.6330556702,0) (441524.79337995104, 5458625.3139138706,1021)
2017-12-19 10:56:11|  26.7|  0.0|INFORM|SurfaceDraper(SurfaceModelFactory): Features now being Draped
2017-12-19 10:56:12|  27.0|  0.3|STATS |SurfaceDraper(SurfaceModelFactory): Processed 1 features and 0 breaklines. 1 were added to the model successfully. 0 were not added. The number of DEM points output was 0. The number of triangles output was 0. The number of Voronoi Polygons was 0. The number of contours output was 0. The number of vertex points output was 0. The number of features draped was 3331. The number of raster features output was 0. The number of TIN Surface features output was 0. The total number of features output was 3331
2017-12-19 10:56:12|  27.0|  0.0|STATS |SurfaceDraper_DRAPED_FEATURES Feature Counter -1 192(TeeFactory): Cloned 3331 input feature(s) into 3331 output feature(s)
2017-12-19 10:56:12|  27.0|  0.0|STATS |Offsetter_Offsetter(TeeFactory): Cloned 3331 input feature(s) into 3331 output feature(s)
2017-12-19 10:56:12|  27.0|  0.0|STATS |Offsetter_Rejector(TestFactory): Tested 3331 input feature(s) -- 0 feature(s) passed and 3331 feature(s) failed
2017-12-19 10:56:12|  27.0|  0.0|STATS |Offsetter_PointCloudOffsetter(TestFactory): Tested 3331 input feature(s) -- 0 feature(s) passed and 3331 feature(s) failed
2017-12-19 10:56:12|  27.0|  0.0|STATS |Offsetter_OFFSET Feature Counter -1 444(TeeFactory): Cloned 3331 input feature(s) into 3331 output feature(s)
2017-12-19 10:56:12|  27.0|  0.0|STATS |Offsetter_<REJECTED> Feature Counter -1 2147680447(TeeFactory): Cloned 0 input feature(s) into 0 output feature(s)
2017-12-19 10:56:12|  27.0|  0.0|STATS |AttributeCreator_2_OUTPUT Feature Counter -1 89(TeeFactory): Cloned 3331 input feature(s) into 3331 output feature(s)
2017-12-19 10:56:12|  27.0|  0.0|STATS |GeometryPropertySetter_Outputter(TeeFactory): Cloned 3331 input feature(s) into 3331 output feature(s)
2017-12-19 10:56:12|  27.0|  0.0|STATS |GeometryPropertySetter_SET Feature Counter -1 446(TeeFactory): Cloned 3331 input feature(s) into 3331 output feature(s)
2017-12-19 10:56:12|  27.0|  0.0|STATS |AttributeCreator_OUTPUT Feature Counter -1 447(TeeFactory): Cloned 3331 input feature(s) into 3331 output feature(s)
2017-12-19 10:56:12|  27.0|  0.0|STATS |AttributeRenamer_OUTPUT Feature Counter -1 168(TeeFactory): Cloned 3331 input feature(s) into 3331 output feature(s)
2017-12-19 10:56:12|  27.2|  0.1|STATS |FeatureMerger_7(ReferenceFactory): Total Results: 3331 Complete Feature(s), 0 Incomplete Feature(s), 0 Referenced Feature(s), 0 Unreferenced Feature(s), 0 Referencer Feature(s) (NO REFERENCES), 0 Referencee Feature(s) (NO Referencee fields defined), and 0 Duplicate Referencee Feature(s)
2017-12-19 10:56:12|  27.2|  0.0|STATS |FeatureMerger_7_MERGED Feature Counter -1 170(TeeFactory): Cloned 3331 input feature(s) into 3331 output feature(s)
2017-12-19 10:56:12|  27.2|  0.0|STATS |AttributeRenamer_11_OUTPUT Feature Counter -1 542(TeeFactory): Cloned 3331 input feature(s) into 3331 output feature(s)
2017-12-19 10:56:12|  27.4|  0.2|STATS |FeatureMerger_15(ReferenceFactory): Total Results: 3331 Complete Feature(s), 0 Incomplete Feature(s), 0 Referenced Feature(s), 0 Unreferenced Feature(s), 0 Referencer Feature(s) (NO REFERENCES), 0 Referencee Feature(s) (NO Referencee fields defined), and 0 Duplicate Referencee Feature(s)
2017-12-19 10:56:12|  27.4|  0.0|STATS |FeatureMerger_15_MERGED Feature Counter -1 548(TeeFactory): Cloned 3331 input feature(s) into 3331 output feature(s)
2017-12-19 10:56:12|  27.4|  0.0|STATS |AttributeRenamer_13_OUTPUT Feature Counter -1 547(TeeFactory): Cloned 3331 input feature(s) into 3331 output feature(s)
2017-12-19 10:56:12|  27.4|  0.0|STATS |Destination Feature Type Routing Correlator(RoutingFactory): Tested 28892 input feature(s), wrote 28892 output feature(s): 0 matched merge filters, 28892 were routed to output, 0 could not be routed.
2017-12-19 10:56:12|  27.4|  0.0|STATS |Final Output Nuker(TeeFactory): Cloned 0 input feature(s) into 0 output feature(s)
2017-12-19 10:56:12|  27.4|  0.0|INFORM|=-=-=-=-=-=-=-=-=-=-=-=-=-=-=-=-=-=-=-=-=-=-=-=-=-=-=-=-=-=-=-=-=-=-=-=-=-=-=-
2017-12-19 10:56:12|  27.4|  0.0|INFORM|Feature output statistics for `FFS' writer using keyword `W_1':
2017-12-19 10:56:12|  27.4|  0.0|STATS |=-=-=-=-=-=-=-=-=-=-=-=-=-=-=-=-=-=-=-=-=-=-=-=-=-=-=-=-=-=-=-=-=-=-=-=-=-=-=-
2017-12-19 10:56:12|  27.4|  0.0|STATS |                               Features Written
2017-12-19 10:56:12|  27.4|  0.0|STATS |=-=-=-=-=-=-=-=-=-=-=-=-=-=-=-=-=-=-=-=-=-=-=-=-=-=-=-=-=-=-=-=-=-=-=-=-=-=-=-
2017-12-19 10:56:12|  27.4|  0.0|STATS |==============================================================================
2017-12-19 10:56:12|  27.4|  0.0|STATS |Total Features Written                                                       0
2017-12-19 10:56:12|  27.4|  0.0|STATS |=-=-=-=-=-=-=-=-=-=-=-=-=-=-=-=-=-=-=-=-=-=-=-=-=-=-=-=-=-=-=-=-=-=-=-=-=-=-=-
2017-12-19 10:56:15|  30.5|  3.1|WARN  |CityGMLWriter registered 7 messages of type:  The 'ExteriorMaterial' feature with geometry type 'IFMELine' will not be written because the geometry does not have a citygml_lod_name.
2017-12-19 10:56:15|  30.8|  0.3|INFORM|=-=-=-=-=-=-=-=-=-=-=-=-=-=-=-=-=-=-=-=-=-=-=-=-=-=-=-=-=-=-=-=-=-=-=-=-=-=-=-
2017-12-19 10:56:15|  30.8|  0.0|INFORM|Feature output statistics for `CITYGML' writer using keyword `CITYGML_1':
2017-12-19 10:56:15|  30.8|  0.0|STATS |=-=-=-=-=-=-=-=-=-=-=-=-=-=-=-=-=-=-=-=-=-=-=-=-=-=-=-=-=-=-=-=-=-=-=-=-=-=-=-
2017-12-19 10:56:15|  30.8|  0.0|STATS |                               Features Written
2017-12-19 10:56:15|  30.8|  0.0|STATS |=-=-=-=-=-=-=-=-=-=-=-=-=-=-=-=-=-=-=-=-=-=-=-=-=-=-=-=-=-=-=-=-=-=-=-=-=-=-=-
2017-12-19 10:56:15|  30.8|  0.0|STATS |ExteriorMaterial                                                             7
2017-12-19 10:56:15|  30.8|  0.0|STATS |FeatureGraph                                                              4579
2017-12-19 10:56:15|  30.8|  0.0|STATS |InterFeatureLink                                                          5987
2017-12-19 10:56:15|  30.8|  0.0|STATS |InteriorFeatureLink                                                       4579
2017-12-19 10:56:15|  30.8|  0.0|STATS |LiquidMedium                                                                 1
2017-12-19 10:56:15|  30.8|  0.0|STATS |Network                                                                      1
2017-12-19 10:56:15|  30.8|  0.0|STATS |NetworkGraph                                                                 1
2017-12-19 10:56:15|  30.8|  0.0|STATS |Node                                                                      9158
2017-12-19 10:56:15|  30.8|  0.0|STATS |RoundPipe                                                                 4579
2017-12-19 10:56:15|  30.8|  0.0|STATS |==============================================================================
2017-12-19 10:56:15|  30.8|  0.0|STATS |Total Features Written                                                   28892
2017-12-19 10:56:15|  30.8|  0.0|STATS |=-=-=-=-=-=-=-=-=-=-=-=-=-=-=-=-=-=-=-=-=-=-=-=-=-=-=-=-=-=-=-=-=-=-=-=-=-=-=-
2017-12-19 10:56:15|  30.8|  0.0|STATS |=-=-=-=-=-=-=-=-=-=-=-=-=-=-=-=-=-=-=-=-=-=-=-=-=-=-=-=-=-=-=-=-=-=-=-=-=-=-=-
2017-12-19 10:56:15|  30.8|  0.0|STATS |                            Features Read Summary
2017-12-19 10:56:15|  30.8|  0.0|STATS |=-=-=-=-=-=-=-=-=-=-=-=-=-=-=-=-=-=-=-=-=-=-=-=-=-=-=-=-=-=-=-=-=-=-=-=-=-=-=-
2017-12-19 10:56:15|  30.8|  0.0|STATS |GEOTIFF                                                                      2
2017-12-19 10:56:15|  30.8|  0.0|STATS |PARCELS_sm                                                                1300
2017-12-19 10:56:15|  30.8|  0.0|STATS |PIPES_AND_SERVICES_sm                                                     3331
2017-12-19 10:56:15|  30.8|  0.0|STATS |==============================================================================
2017-12-19 10:56:15|  30.8|  0.0|STATS |Total Features Read                                                       4633
2017-12-19 10:56:15|  30.8|  0.0|STATS |=-=-=-=-=-=-=-=-=-=-=-=-=-=-=-=-=-=-=-=-=-=-=-=-=-=-=-=-=-=-=-=-=-=-=-=-=-=-=-
2017-12-19 10:56:15|  30.8|  0.0|STATS |=-=-=-=-=-=-=-=-=-=-=-=-=-=-=-=-=-=-=-=-=-=-=-=-=-=-=-=-=-=-=-=-=-=-=-=-=-=-=-
2017-12-19 10:56:15|  30.8|  0.0|STATS |                           Features Written Summary
2017-12-19 10:56:15|  30.8|  0.0|STATS |=-=-=-=-=-=-=-=-=-=-=-=-=-=-=-=-=-=-=-=-=-=-=-=-=-=-=-=-=-=-=-=-=-=-=-=-=-=-=-
2017-12-19 10:56:15|  30.8|  0.0|STATS |ExteriorMaterial                                                             7
2017-12-19 10:56:15|  30.8|  0.0|STATS |FeatureGraph                                                              4579
2017-12-19 10:56:15|  30.8|  0.0|STATS |InterFeatureLink                                                          5987
2017-12-19 10:56:15|  30.8|  0.0|STATS |InteriorFeatureLink                                                       4579
2017-12-19 10:56:15|  30.8|  0.0|STATS |LiquidMedium                                                                 1
2017-12-19 10:56:15|  30.8|  0.0|STATS |Network                                                                      1
2017-12-19 10:56:15|  30.8|  0.0|STATS |NetworkGraph                                                                 1
2017-12-19 10:56:15|  30.8|  0.0|STATS |Node                                                                      9158
2017-12-19 10:56:15|  30.8|  0.0|STATS |RoundPipe                                                                 4579
2017-12-19 10:56:15|  30.8|  0.0|STATS |==============================================================================
2017-12-19 10:56:15|  30.8|  0.0|STATS |Total Features Written                                                   28892
2017-12-19 10:56:15|  30.8|  0.0|STATS |=-=-=-=-=-=-=-=-=-=-=-=-=-=-=-=-=-=-=-=-=-=-=-=-=-=-=-=-=-=-=-=-=-=-=-=-=-=-=-
2017-12-19 10:56:15|  30.8|  0.0|INFORM|Translation was SUCCESSFUL with 2 warning(s) (28892 feature(s) output)
2017-12-19 10:56:15|  30.8|  0.0|INFORM|FME Session Duration: 33.8 seconds. (CPU: 30.1s user, 0.5s system)
2017-12-19 10:56:15|  30.8|  0.0|INFORM|END - ProcessID: 4640, peak process memory usage: 0 kB, current process memory usage: 504764 kB
